{
  "uid" : "2da37454a97ae3a6",
  "name" : "Check getting users with PENDING status",
  "fullName" : "com.lifefitness.qa.api.core.controllers.user.getstatuspending.GetUserPendingStatusTest.checkGettingUsersWithPendingStatus",
  "historyId" : "18446e67132b0d8461689b8bd45a890a",
  "time" : {
    "start" : 1693224209358,
    "stop" : 1693224212633,
    "duration" : 3275
  },
  "status" : "broken",
  "statusMessage" : "Unable to register user",
  "statusTrace" : "java.lang.RuntimeException: Unable to register user\n\tat com.lifefitness.qa.api.corecontrollers.user.postregistration.PostRegistrationHelper.registerUser(PostRegistrationHelper.java:37)\n\tat com.lifefitness.qa.api.core.controllers.user.getstatuspending.GetUserPendingStatusTest.checkGettingUsersWithPendingStatus(GetUserPendingStatusTest.java:39)\n\tat java.base/jdk.internal.reflect.NativeMethodAccessorImpl.invoke0(Native Method)\n\tat java.base/jdk.internal.reflect.NativeMethodAccessorImpl.invoke(NativeMethodAccessorImpl.java:77)\n\tat java.base/jdk.internal.reflect.DelegatingMethodAccessorImpl.invoke(DelegatingMethodAccessorImpl.java:43)\n\tat java.base/java.lang.reflect.Method.invoke(Method.java:568)\n\tat org.testng.internal.invokers.MethodInvocationHelper.invokeMethod(MethodInvocationHelper.java:139)\n\tat org.testng.internal.invokers.TestInvoker.invokeMethod(TestInvoker.java:677)\n\tat org.testng.internal.invokers.TestInvoker.retryFailed(TestInvoker.java:263)\n\tat org.testng.internal.invokers.MethodRunner.runInSequence(MethodRunner.java:62)\n\tat org.testng.internal.invokers.TestInvoker$MethodInvocationAgent.invoke(TestInvoker.java:969)\n\tat org.testng.internal.invokers.TestInvoker.invokeTestMethods(TestInvoker.java:194)\n\tat org.testng.internal.invokers.TestMethodWorker.invokeTestMethods(TestMethodWorker.java:148)\n\tat org.testng.internal.invokers.TestMethodWorker.run(TestMethodWorker.java:128)\n\tat java.base/java.util.concurrent.ThreadPoolExecutor.runWorker(ThreadPoolExecutor.java:1136)\n\tat java.base/java.util.concurrent.ThreadPoolExecutor$Worker.run(ThreadPoolExecutor.java:635)\n\tat java.base/java.lang.Thread.run(Thread.java:833)\nCaused by: com.fasterxml.jackson.core.JsonParseException: Unrecognized token 'Rate': was expecting (JSON String, Number, Array, Object or token 'null', 'true' or 'false')\n at [Source: (String)\"Rate exceeded.\"; line: 1, column: 5]\n\tat com.fasterxml.jackson.core.JsonParser._constructError(JsonParser.java:2418)\n\tat com.fasterxml.jackson.core.base.ParserMinimalBase._reportError(ParserMinimalBase.java:759)\n\tat com.fasterxml.jackson.core.json.ReaderBasedJsonParser._reportInvalidToken(ReaderBasedJsonParser.java:3038)\n\tat com.fasterxml.jackson.core.json.ReaderBasedJsonParser._handleOddValue(ReaderBasedJsonParser.java:2079)\n\tat com.fasterxml.jackson.core.json.ReaderBasedJsonParser.nextToken(ReaderBasedJsonParser.java:805)\n\tat com.fasterxml.jackson.databind.ObjectMapper._initForReading(ObjectMapper.java:4817)\n\tat com.fasterxml.jackson.databind.ObjectMapper._readMapAndClose(ObjectMapper.java:4723)\n\tat com.fasterxml.jackson.databind.ObjectMapper.readValue(ObjectMapper.java:3677)\n\tat com.fasterxml.jackson.databind.ObjectMapper.readValue(ObjectMapper.java:3645)\n\tat com.lifefitness.qa.api.corecontrollers.user.postregistration.PostRegistrationHelper.registerUser(PostRegistrationHelper.java:35)\n\t... 16 more\n",
  "flaky" : false,
  "newFailed" : false,
  "beforeStages" : [ {
    "name" : "executeBeforeTestSuite",
    "time" : {
      "start" : 1693223484508,
      "stop" : 1693223484728,
      "duration" : 220
    },
    "description" : "",
    "status" : "passed",
    "steps" : [ ],
    "attachments" : [ ],
    "parameters" : [ ],
    "stepsCount" : 0,
    "attachmentsCount" : 0,
    "shouldDisplayMessage" : false,
    "hasContent" : false
  } ],
  "afterStages" : [ {
    "name" : "addTestLog",
    "time" : {
      "start" : 1693224212634,
      "stop" : 1693224212639,
      "duration" : 5
    },
    "description" : "",
    "status" : "passed",
    "steps" : [ ],
    "attachments" : [ {
      "uid" : "3d4454d4c44d8f55",
      "name" : "Test log",
      "source" : "3d4454d4c44d8f55.txt",
      "type" : "text/plain",
      "size" : 2753
    } ],
    "parameters" : [ ],
    "stepsCount" : 0,
    "attachmentsCount" : 1,
    "shouldDisplayMessage" : false,
    "hasContent" : true
  }, {
    "name" : "onCarinaAfterMethod",
    "time" : {
      "start" : 1693224212640,
      "stop" : 1693224212640,
      "duration" : 0
    },
    "description" : "",
    "status" : "passed",
    "steps" : [ ],
    "attachments" : [ ],
    "parameters" : [ ],
    "stepsCount" : 0,
    "attachmentsCount" : 0,
    "shouldDisplayMessage" : false,
    "hasContent" : false
  }, {
    "name" : "deleteAllEmails",
    "time" : {
      "start" : 1693224616637,
      "stop" : 1693224617892,
      "duration" : 1255
    },
    "description" : "",
    "status" : "passed",
    "steps" : [ ],
    "attachments" : [ ],
    "parameters" : [ ],
    "stepsCount" : 0,
    "attachmentsCount" : 0,
    "shouldDisplayMessage" : false,
    "hasContent" : false
  } ],
  "labels" : [ {
    "name" : "package",
    "value" : "com.lifefitness.qa.api.core.controllers.user.getstatuspending.GetUserPendingStatusTest"
  }, {
    "name" : "testClass",
    "value" : "com.lifefitness.qa.api.core.controllers.user.getstatuspending.GetUserPendingStatusTest"
  }, {
    "name" : "testMethod",
    "value" : "checkGettingUsersWithPendingStatus"
  }, {
    "name" : "parentSuite",
    "value" : "LifeFitness Backend Auto Tests"
  }, {
    "name" : "suite",
    "value" : "LifeFitness Backend Auto Tests"
  }, {
    "name" : "subSuite",
    "value" : "com.lifefitness.qa.api.core.controllers.user.getstatuspending.GetUserPendingStatusTest"
  }, {
    "name" : "host",
    "value" : "43db6e84-362a-48aa-87be-cf266c2d81a7-6z648"
  }, {
    "name" : "thread",
    "value" : "301@43db6e84-362a-48aa-87be-cf266c2d81a7-6z648.TestNG-test=LifeFitness Backend Auto Tests-5(26)"
  }, {
    "name" : "framework",
    "value" : "testng"
  }, {
    "name" : "language",
    "value" : "java"
  }, {
    "name" : "owner",
    "value" : "Dmitry Parkhomenko"
  }, {
    "name" : "resultFormat",
    "value" : "allure2"
  } ],
  "parameters" : [ ],
  "links" : [ ],
  "hidden" : false,
  "retry" : false,
  "extra" : {
    "severity" : "normal",
    "owner" : "Dmitry Parkhomenko",
    "retries" : [ {
      "uid" : "9af63d1556410388",
      "status" : "skipped",
      "statusDetails" : "2 expectations failed.\nExpected status code <200> but was <500>.\n\nExpected status line a string containing \"OK\" doesn't match actual status line \"HTTP/1.1 500 Internal Server Error\".\n",
      "time" : {
        "start" : 1693224120089,
        "stop" : 1693224209354,
        "duration" : 89265
      }
    } ],
    "categories" : [ {
      "name" : "Test defects",
      "matchedStatuses" : [ ],
      "flaky" : false
    } ],
    "history" : {
      "statistic" : {
        "failed" : 0,
        "broken" : 2,
        "skipped" : 0,
        "passed" : 3,
        "unknown" : 0,
        "total" : 5
      },
      "items" : [ {
        "uid" : "2d852f98fbb92dae",
        "status" : "broken",
        "statusDetails" : "Unable to register user",
        "time" : {
          "start" : 1693209614840,
          "stop" : 1693209614911,
          "duration" : 71
        }
      }, {
        "uid" : "fa2815d95b9866ef",
        "status" : "passed",
        "time" : {
          "start" : 1692975909213,
          "stop" : 1692975932321,
          "duration" : 23108
        }
      }, {
        "uid" : "8d1fe8a1f5250fff",
        "status" : "passed",
        "time" : {
          "start" : 1692972260400,
          "stop" : 1692972284335,
          "duration" : 23935
        }
      }, {
        "uid" : "57f1ac5953e8ccb6",
        "status" : "passed",
        "time" : {
          "start" : 1692970356717,
          "stop" : 1692970381876,
          "duration" : 25159
        }
      } ]
    },
    "tags" : [ ]
  },
  "source" : "2da37454a97ae3a6.json",
  "parameterValues" : [ ]
}