{
  "uid" : "416636b45a2bc058",
  "name" : "Check updating password with lower case email",
  "fullName" : "com.lifefitness.qa.api.utils.controllers.password.postupdatepassword.PostUpdatePasswordTest.checkUpdatingPasswordWithLowerCaseEmail",
  "historyId" : "74b88f0c62cc46a176951789960a6fdf",
  "time" : {
    "start" : 1693224550110,
    "stop" : 1693224607177,
    "duration" : 57067
  },
  "status" : "broken",
  "statusMessage" : "Could not get message.",
  "statusTrace" : "java.lang.RuntimeException: Could not get message.\n\tat com.lifefitness.qa.utils.email.EmailUtils.getMessage(EmailUtils.java:186)\n\tat com.lifefitness.qa.api.utils.controllers.password.postupdatepassword.PostUpdatePasswordTest.checkUpdatingPasswordWithLowerCaseEmail(PostUpdatePasswordTest.java:101)\n\tat java.base/jdk.internal.reflect.NativeMethodAccessorImpl.invoke0(Native Method)\n\tat java.base/jdk.internal.reflect.NativeMethodAccessorImpl.invoke(NativeMethodAccessorImpl.java:77)\n\tat java.base/jdk.internal.reflect.DelegatingMethodAccessorImpl.invoke(DelegatingMethodAccessorImpl.java:43)\n\tat java.base/java.lang.reflect.Method.invoke(Method.java:568)\n\tat org.testng.internal.invokers.MethodInvocationHelper.invokeMethod(MethodInvocationHelper.java:139)\n\tat org.testng.internal.invokers.TestInvoker.invokeMethod(TestInvoker.java:677)\n\tat org.testng.internal.invokers.TestInvoker.retryFailed(TestInvoker.java:263)\n\tat org.testng.internal.invokers.MethodRunner.runInSequence(MethodRunner.java:62)\n\tat org.testng.internal.invokers.TestInvoker$MethodInvocationAgent.invoke(TestInvoker.java:969)\n\tat org.testng.internal.invokers.TestInvoker.invokeTestMethods(TestInvoker.java:194)\n\tat org.testng.internal.invokers.TestMethodWorker.invokeTestMethods(TestMethodWorker.java:148)\n\tat org.testng.internal.invokers.TestMethodWorker.run(TestMethodWorker.java:128)\n\tat java.base/java.util.concurrent.ThreadPoolExecutor.runWorker(ThreadPoolExecutor.java:1136)\n\tat java.base/java.util.concurrent.ThreadPoolExecutor$Worker.run(ThreadPoolExecutor.java:635)\n\tat java.base/java.lang.Thread.run(Thread.java:833)\nCaused by: javax.mail.MessagingException: Message wasn't found!\n\tat com.lifefitness.qa.utils.email.EmailUtils.getMessage(EmailUtils.java:163)\n\t... 16 more\n",
  "flaky" : false,
  "newFailed" : false,
  "beforeStages" : [ {
    "name" : "executeBeforeTestSuite",
    "time" : {
      "start" : 1693223484508,
      "stop" : 1693223484728,
      "duration" : 220
    },
    "description" : "",
    "status" : "passed",
    "steps" : [ ],
    "attachments" : [ ],
    "parameters" : [ ],
    "stepsCount" : 0,
    "attachmentsCount" : 0,
    "shouldDisplayMessage" : false,
    "hasContent" : false
  } ],
  "afterStages" : [ {
    "name" : "addTestLog",
    "time" : {
      "start" : 1693224607178,
      "stop" : 1693224607193,
      "duration" : 15
    },
    "description" : "",
    "status" : "passed",
    "steps" : [ ],
    "attachments" : [ {
      "uid" : "f527c44c594ecdb5",
      "name" : "Test log",
      "source" : "f527c44c594ecdb5.txt",
      "type" : "text/plain",
      "size" : 15653
    } ],
    "parameters" : [ ],
    "stepsCount" : 0,
    "attachmentsCount" : 1,
    "shouldDisplayMessage" : false,
    "hasContent" : true
  }, {
    "name" : "onCarinaAfterMethod",
    "time" : {
      "start" : 1693224607194,
      "stop" : 1693224607194,
      "duration" : 0
    },
    "description" : "",
    "status" : "passed",
    "steps" : [ ],
    "attachments" : [ ],
    "parameters" : [ ],
    "stepsCount" : 0,
    "attachmentsCount" : 0,
    "shouldDisplayMessage" : false,
    "hasContent" : false
  }, {
    "name" : "deleteAllEmails",
    "time" : {
      "start" : 1693224616637,
      "stop" : 1693224617892,
      "duration" : 1255
    },
    "description" : "",
    "status" : "passed",
    "steps" : [ ],
    "attachments" : [ ],
    "parameters" : [ ],
    "stepsCount" : 0,
    "attachmentsCount" : 0,
    "shouldDisplayMessage" : false,
    "hasContent" : false
  } ],
  "labels" : [ {
    "name" : "package",
    "value" : "com.lifefitness.qa.api.utils.controllers.password.postupdatepassword.PostUpdatePasswordTest"
  }, {
    "name" : "testClass",
    "value" : "com.lifefitness.qa.api.utils.controllers.password.postupdatepassword.PostUpdatePasswordTest"
  }, {
    "name" : "testMethod",
    "value" : "checkUpdatingPasswordWithLowerCaseEmail"
  }, {
    "name" : "parentSuite",
    "value" : "LifeFitness Backend Auto Tests"
  }, {
    "name" : "suite",
    "value" : "LifeFitness Backend Auto Tests"
  }, {
    "name" : "subSuite",
    "value" : "com.lifefitness.qa.api.utils.controllers.password.postupdatepassword.PostUpdatePasswordTest"
  }, {
    "name" : "host",
    "value" : "43db6e84-362a-48aa-87be-cf266c2d81a7-6z648"
  }, {
    "name" : "thread",
    "value" : "301@43db6e84-362a-48aa-87be-cf266c2d81a7-6z648.TestNG-test=LifeFitness Backend Auto Tests-3(24)"
  }, {
    "name" : "framework",
    "value" : "testng"
  }, {
    "name" : "language",
    "value" : "java"
  }, {
    "name" : "owner",
    "value" : "Dmitry Parkhomenko"
  }, {
    "name" : "resultFormat",
    "value" : "allure2"
  } ],
  "parameters" : [ ],
  "links" : [ ],
  "hidden" : false,
  "retry" : false,
  "extra" : {
    "severity" : "normal",
    "owner" : "Dmitry Parkhomenko",
    "retries" : [ {
      "uid" : "465a456e7c62307",
      "status" : "skipped",
      "statusDetails" : "Could not get message.",
      "time" : {
        "start" : 1693224492507,
        "stop" : 1693224550107,
        "duration" : 57600
      }
    } ],
    "categories" : [ {
      "name" : "Test defects",
      "matchedStatuses" : [ ],
      "flaky" : false
    } ],
    "history" : {
      "statistic" : {
        "failed" : 4,
        "broken" : 1,
        "skipped" : 0,
        "passed" : 0,
        "unknown" : 0,
        "total" : 5
      },
      "items" : [ {
        "uid" : "3fccbe6cef439db5",
        "status" : "failed",
        "statusDetails" : "2 expectations failed.\nExpected status code <201> but was <403>.\n\nExpected status line a string containing \"Created\" doesn't match actual status line \"HTTP/1.1 403 Forbidden\".\n",
        "time" : {
          "start" : 1693209636596,
          "stop" : 1693209639287,
          "duration" : 2691
        }
      }, {
        "uid" : "12674e5bd7597ec5",
        "status" : "failed",
        "statusDetails" : "2 expectations failed.\nExpected status code <201> but was <504>.\n\nExpected status line a string containing \"Created\" doesn't match actual status line \"HTTP/1.1 504 Gateway Timeout\".\n",
        "time" : {
          "start" : 1692977140805,
          "stop" : 1692977264455,
          "duration" : 123650
        }
      }, {
        "uid" : "f4b9e81cc8524f45",
        "status" : "failed",
        "statusDetails" : "2 expectations failed.\nExpected status code <201> but was <504>.\n\nExpected status line a string containing \"Created\" doesn't match actual status line \"HTTP/1.1 504 Gateway Timeout\".\n",
        "time" : {
          "start" : 1692974056430,
          "stop" : 1692974222685,
          "duration" : 166255
        }
      }, {
        "uid" : "a7f58ade9dcf48e4",
        "status" : "failed",
        "statusDetails" : "2 expectations failed.\nExpected status code <201> but was <403>.\n\nExpected status line a string containing \"Created\" doesn't match actual status line \"HTTP/1.1 403 Forbidden\".\n",
        "time" : {
          "start" : 1692970965332,
          "stop" : 1692971029187,
          "duration" : 63855
        }
      } ]
    },
    "tags" : [ ]
  },
  "source" : "416636b45a2bc058.json",
  "parameterValues" : [ ]
}