{
  "uid" : "477ae0f37298ad9",
  "name" : "Check updating password with password not encoded",
  "fullName" : "com.lifefitness.qa.api.utils.controllers.password.postupdatepassword.PostUpdatePasswordTest.checkUpdatingPasswordWithPasswordNotEncoded",
  "historyId" : "cd1a8904be978f16d50a245c08d0a4eb",
  "time" : {
    "start" : 1693224556455,
    "stop" : 1693224612845,
    "duration" : 56390
  },
  "status" : "broken",
  "statusMessage" : "Could not get message.",
  "statusTrace" : "java.lang.RuntimeException: Could not get message.\n\tat com.lifefitness.qa.utils.email.EmailUtils.getMessage(EmailUtils.java:186)\n\tat com.lifefitness.qa.api.utils.controllers.password.postupdatepassword.PostUpdatePasswordTest.checkUpdatingPasswordWithPasswordNotEncoded(PostUpdatePasswordTest.java:410)\n\tat java.base/jdk.internal.reflect.NativeMethodAccessorImpl.invoke0(Native Method)\n\tat java.base/jdk.internal.reflect.NativeMethodAccessorImpl.invoke(NativeMethodAccessorImpl.java:77)\n\tat java.base/jdk.internal.reflect.DelegatingMethodAccessorImpl.invoke(DelegatingMethodAccessorImpl.java:43)\n\tat java.base/java.lang.reflect.Method.invoke(Method.java:568)\n\tat org.testng.internal.invokers.MethodInvocationHelper.invokeMethod(MethodInvocationHelper.java:139)\n\tat org.testng.internal.invokers.TestInvoker.invokeMethod(TestInvoker.java:677)\n\tat org.testng.internal.invokers.TestInvoker.retryFailed(TestInvoker.java:263)\n\tat org.testng.internal.invokers.MethodRunner.runInSequence(MethodRunner.java:62)\n\tat org.testng.internal.invokers.TestInvoker$MethodInvocationAgent.invoke(TestInvoker.java:969)\n\tat org.testng.internal.invokers.TestInvoker.invokeTestMethods(TestInvoker.java:194)\n\tat org.testng.internal.invokers.TestMethodWorker.invokeTestMethods(TestMethodWorker.java:148)\n\tat org.testng.internal.invokers.TestMethodWorker.run(TestMethodWorker.java:128)\n\tat java.base/java.util.concurrent.ThreadPoolExecutor.runWorker(ThreadPoolExecutor.java:1136)\n\tat java.base/java.util.concurrent.ThreadPoolExecutor$Worker.run(ThreadPoolExecutor.java:635)\n\tat java.base/java.lang.Thread.run(Thread.java:833)\nCaused by: javax.mail.MessagingException: Message wasn't found!\n\tat com.lifefitness.qa.utils.email.EmailUtils.getMessage(EmailUtils.java:163)\n\t... 16 more\n",
  "flaky" : false,
  "newFailed" : false,
  "beforeStages" : [ {
    "name" : "executeBeforeTestSuite",
    "time" : {
      "start" : 1693223484508,
      "stop" : 1693223484728,
      "duration" : 220
    },
    "description" : "",
    "status" : "passed",
    "steps" : [ ],
    "attachments" : [ ],
    "parameters" : [ ],
    "stepsCount" : 0,
    "attachmentsCount" : 0,
    "shouldDisplayMessage" : false,
    "hasContent" : false
  } ],
  "afterStages" : [ {
    "name" : "onCarinaAfterMethod",
    "time" : {
      "start" : 1693224612864,
      "stop" : 1693224612864,
      "duration" : 0
    },
    "description" : "",
    "status" : "passed",
    "steps" : [ ],
    "attachments" : [ ],
    "parameters" : [ ],
    "stepsCount" : 0,
    "attachmentsCount" : 0,
    "shouldDisplayMessage" : false,
    "hasContent" : false
  }, {
    "name" : "addTestLog",
    "time" : {
      "start" : 1693224612848,
      "stop" : 1693224612864,
      "duration" : 16
    },
    "description" : "",
    "status" : "passed",
    "steps" : [ ],
    "attachments" : [ {
      "uid" : "bae68072c39773b5",
      "name" : "Test log",
      "source" : "bae68072c39773b5.txt",
      "type" : "text/plain",
      "size" : 15669
    } ],
    "parameters" : [ ],
    "stepsCount" : 0,
    "attachmentsCount" : 1,
    "shouldDisplayMessage" : false,
    "hasContent" : true
  }, {
    "name" : "deleteAllEmails",
    "time" : {
      "start" : 1693224616637,
      "stop" : 1693224617892,
      "duration" : 1255
    },
    "description" : "",
    "status" : "passed",
    "steps" : [ ],
    "attachments" : [ ],
    "parameters" : [ ],
    "stepsCount" : 0,
    "attachmentsCount" : 0,
    "shouldDisplayMessage" : false,
    "hasContent" : false
  } ],
  "labels" : [ {
    "name" : "package",
    "value" : "com.lifefitness.qa.api.utils.controllers.password.postupdatepassword.PostUpdatePasswordTest"
  }, {
    "name" : "testClass",
    "value" : "com.lifefitness.qa.api.utils.controllers.password.postupdatepassword.PostUpdatePasswordTest"
  }, {
    "name" : "testMethod",
    "value" : "checkUpdatingPasswordWithPasswordNotEncoded"
  }, {
    "name" : "parentSuite",
    "value" : "LifeFitness Backend Auto Tests"
  }, {
    "name" : "suite",
    "value" : "LifeFitness Backend Auto Tests"
  }, {
    "name" : "subSuite",
    "value" : "com.lifefitness.qa.api.utils.controllers.password.postupdatepassword.PostUpdatePasswordTest"
  }, {
    "name" : "host",
    "value" : "43db6e84-362a-48aa-87be-cf266c2d81a7-6z648"
  }, {
    "name" : "thread",
    "value" : "301@43db6e84-362a-48aa-87be-cf266c2d81a7-6z648.TestNG-test=LifeFitness Backend Auto Tests-5(26)"
  }, {
    "name" : "framework",
    "value" : "testng"
  }, {
    "name" : "language",
    "value" : "java"
  }, {
    "name" : "owner",
    "value" : "Dmitry Parkhomenko"
  }, {
    "name" : "resultFormat",
    "value" : "allure2"
  } ],
  "parameters" : [ ],
  "links" : [ ],
  "hidden" : false,
  "retry" : false,
  "extra" : {
    "severity" : "normal",
    "owner" : "Dmitry Parkhomenko",
    "retries" : [ {
      "uid" : "e8849a19dddd21ed",
      "status" : "skipped",
      "statusDetails" : "Could not get message.",
      "time" : {
        "start" : 1693224499082,
        "stop" : 1693224556452,
        "duration" : 57370
      }
    } ],
    "categories" : [ {
      "name" : "Test defects",
      "matchedStatuses" : [ ],
      "flaky" : false
    } ],
    "history" : {
      "statistic" : {
        "failed" : 1,
        "broken" : 1,
        "skipped" : 0,
        "passed" : 3,
        "unknown" : 0,
        "total" : 5
      },
      "items" : [ {
        "uid" : "54de5ed1c8d0137c",
        "status" : "failed",
        "statusDetails" : "2 expectations failed.\nExpected status code <201> but was <403>.\n\nExpected status line a string containing \"Created\" doesn't match actual status line \"HTTP/1.1 403 Forbidden\".\n",
        "time" : {
          "start" : 1693209637116,
          "stop" : 1693209638747,
          "duration" : 1631
        }
      }, {
        "uid" : "8bf341c87a332562",
        "status" : "passed",
        "time" : {
          "start" : 1692976985620,
          "stop" : 1692977018253,
          "duration" : 32633
        }
      }, {
        "uid" : "cf63c742e9b3f48b",
        "status" : "passed",
        "time" : {
          "start" : 1692974038929,
          "stop" : 1692974105322,
          "duration" : 66393
        }
      }, {
        "uid" : "c3de76832afbed0d",
        "status" : "passed",
        "time" : {
          "start" : 1692970905287,
          "stop" : 1692970908839,
          "duration" : 3552
        }
      } ]
    },
    "tags" : [ ]
  },
  "source" : "477ae0f37298ad9.json",
  "parameterValues" : [ ]
}