{
  "uid" : "9432bd35b902d56c",
  "name" : "Check updating password with password as empty string",
  "fullName" : "com.lifefitness.qa.api.utils.controllers.password.postupdatepassword.PostUpdatePasswordTest.checkUpdatingPasswordWithPasswordAsEmptyString",
  "historyId" : "18e828607e1dedb7fb86eaa1510bc704",
  "time" : {
    "start" : 1693224549528,
    "stop" : 1693224606827,
    "duration" : 57299
  },
  "status" : "broken",
  "statusMessage" : "Could not get message.",
  "statusTrace" : "java.lang.RuntimeException: Could not get message.\n\tat com.lifefitness.qa.utils.email.EmailUtils.getMessage(EmailUtils.java:186)\n\tat com.lifefitness.qa.api.utils.controllers.password.postupdatepassword.PostUpdatePasswordTest.checkUpdatingPasswordWithPasswordAsEmptyString(PostUpdatePasswordTest.java:376)\n\tat java.base/jdk.internal.reflect.NativeMethodAccessorImpl.invoke0(Native Method)\n\tat java.base/jdk.internal.reflect.NativeMethodAccessorImpl.invoke(NativeMethodAccessorImpl.java:77)\n\tat java.base/jdk.internal.reflect.DelegatingMethodAccessorImpl.invoke(DelegatingMethodAccessorImpl.java:43)\n\tat java.base/java.lang.reflect.Method.invoke(Method.java:568)\n\tat org.testng.internal.invokers.MethodInvocationHelper.invokeMethod(MethodInvocationHelper.java:139)\n\tat org.testng.internal.invokers.TestInvoker.invokeMethod(TestInvoker.java:677)\n\tat org.testng.internal.invokers.TestInvoker.retryFailed(TestInvoker.java:263)\n\tat org.testng.internal.invokers.MethodRunner.runInSequence(MethodRunner.java:62)\n\tat org.testng.internal.invokers.TestInvoker$MethodInvocationAgent.invoke(TestInvoker.java:969)\n\tat org.testng.internal.invokers.TestInvoker.invokeTestMethods(TestInvoker.java:194)\n\tat org.testng.internal.invokers.TestMethodWorker.invokeTestMethods(TestMethodWorker.java:148)\n\tat org.testng.internal.invokers.TestMethodWorker.run(TestMethodWorker.java:128)\n\tat java.base/java.util.concurrent.ThreadPoolExecutor.runWorker(ThreadPoolExecutor.java:1136)\n\tat java.base/java.util.concurrent.ThreadPoolExecutor$Worker.run(ThreadPoolExecutor.java:635)\n\tat java.base/java.lang.Thread.run(Thread.java:833)\nCaused by: javax.mail.MessagingException: Message wasn't found!\n\tat com.lifefitness.qa.utils.email.EmailUtils.getMessage(EmailUtils.java:163)\n\t... 16 more\n",
  "flaky" : false,
  "newFailed" : false,
  "beforeStages" : [ {
    "name" : "executeBeforeTestSuite",
    "time" : {
      "start" : 1693223484508,
      "stop" : 1693223484728,
      "duration" : 220
    },
    "description" : "",
    "status" : "passed",
    "steps" : [ ],
    "attachments" : [ ],
    "parameters" : [ ],
    "stepsCount" : 0,
    "attachmentsCount" : 0,
    "shouldDisplayMessage" : false,
    "hasContent" : false
  } ],
  "afterStages" : [ {
    "name" : "onCarinaAfterMethod",
    "time" : {
      "start" : 1693224606845,
      "stop" : 1693224606845,
      "duration" : 0
    },
    "description" : "",
    "status" : "passed",
    "steps" : [ ],
    "attachments" : [ ],
    "parameters" : [ ],
    "stepsCount" : 0,
    "attachmentsCount" : 0,
    "shouldDisplayMessage" : false,
    "hasContent" : false
  }, {
    "name" : "addTestLog",
    "time" : {
      "start" : 1693224606829,
      "stop" : 1693224606844,
      "duration" : 15
    },
    "description" : "",
    "status" : "passed",
    "steps" : [ ],
    "attachments" : [ {
      "uid" : "50e7dd8a110b27b7",
      "name" : "Test log",
      "source" : "50e7dd8a110b27b7.txt",
      "type" : "text/plain",
      "size" : 15831
    } ],
    "parameters" : [ ],
    "stepsCount" : 0,
    "attachmentsCount" : 1,
    "shouldDisplayMessage" : false,
    "hasContent" : true
  }, {
    "name" : "deleteAllEmails",
    "time" : {
      "start" : 1693224616637,
      "stop" : 1693224617892,
      "duration" : 1255
    },
    "description" : "",
    "status" : "passed",
    "steps" : [ ],
    "attachments" : [ ],
    "parameters" : [ ],
    "stepsCount" : 0,
    "attachmentsCount" : 0,
    "shouldDisplayMessage" : false,
    "hasContent" : false
  } ],
  "labels" : [ {
    "name" : "package",
    "value" : "com.lifefitness.qa.api.utils.controllers.password.postupdatepassword.PostUpdatePasswordTest"
  }, {
    "name" : "testClass",
    "value" : "com.lifefitness.qa.api.utils.controllers.password.postupdatepassword.PostUpdatePasswordTest"
  }, {
    "name" : "testMethod",
    "value" : "checkUpdatingPasswordWithPasswordAsEmptyString"
  }, {
    "name" : "parentSuite",
    "value" : "LifeFitness Backend Auto Tests"
  }, {
    "name" : "suite",
    "value" : "LifeFitness Backend Auto Tests"
  }, {
    "name" : "subSuite",
    "value" : "com.lifefitness.qa.api.utils.controllers.password.postupdatepassword.PostUpdatePasswordTest"
  }, {
    "name" : "host",
    "value" : "43db6e84-362a-48aa-87be-cf266c2d81a7-6z648"
  }, {
    "name" : "thread",
    "value" : "301@43db6e84-362a-48aa-87be-cf266c2d81a7-6z648.TestNG-test=LifeFitness Backend Auto Tests-1(22)"
  }, {
    "name" : "framework",
    "value" : "testng"
  }, {
    "name" : "language",
    "value" : "java"
  }, {
    "name" : "owner",
    "value" : "Dmitry Parkhomenko"
  }, {
    "name" : "resultFormat",
    "value" : "allure2"
  } ],
  "parameters" : [ ],
  "links" : [ ],
  "hidden" : false,
  "retry" : false,
  "extra" : {
    "severity" : "normal",
    "owner" : "Dmitry Parkhomenko",
    "retries" : [ {
      "uid" : "465cda27cdfc48b1",
      "status" : "skipped",
      "statusDetails" : "Could not get message.",
      "time" : {
        "start" : 1693224493041,
        "stop" : 1693224549525,
        "duration" : 56484
      }
    } ],
    "categories" : [ {
      "name" : "Test defects",
      "matchedStatuses" : [ ],
      "flaky" : false
    } ],
    "history" : {
      "statistic" : {
        "failed" : 1,
        "broken" : 1,
        "skipped" : 0,
        "passed" : 3,
        "unknown" : 0,
        "total" : 5
      },
      "items" : [ {
        "uid" : "cb5c81804d9b1e7d",
        "status" : "failed",
        "statusDetails" : "2 expectations failed.\nExpected status code <201> but was <403>.\n\nExpected status line a string containing \"Created\" doesn't match actual status line \"HTTP/1.1 403 Forbidden\".\n",
        "time" : {
          "start" : 1693209636227,
          "stop" : 1693209639835,
          "duration" : 3608
        }
      }, {
        "uid" : "ba5613d0b822351b",
        "status" : "passed",
        "time" : {
          "start" : 1692976984446,
          "stop" : 1692977021098,
          "duration" : 36652
        }
      }, {
        "uid" : "e4ba4550c18e3c5f",
        "status" : "passed",
        "time" : {
          "start" : 1692974037844,
          "stop" : 1692974101800,
          "duration" : 63956
        }
      }, {
        "uid" : "55a3d3e3673de5c5",
        "status" : "passed",
        "time" : {
          "start" : 1692970900009,
          "stop" : 1692970905636,
          "duration" : 5627
        }
      } ]
    },
    "tags" : [ ]
  },
  "source" : "9432bd35b902d56c.json",
  "parameterValues" : [ ]
}