{
  "uid" : "b6e427909a23d5b6",
  "name" : "Check that last name field is mandatory",
  "fullName" : "com.lifefitness.qa.api.core.controllers.user.putuserdetails.PutUserDetailsTest.checkThatLastNameFieldIsMandatory",
  "historyId" : "8dfd694d85cd090827e779192d92d0f2",
  "time" : {
    "start" : 1693209624993,
    "stop" : 1693209625063,
    "duration" : 70
  },
  "status" : "broken",
  "statusMessage" : "Unable to register user",
  "statusTrace" : "java.lang.RuntimeException: Unable to register user\n\tat com.lifefitness.qa.api.corecontrollers.user.postregistration.PostRegistrationHelper.registerUser(PostRegistrationHelper.java:37)\n\tat com.lifefitness.qa.api.corecontrollers.user.postregistration.PostRegistrationHelper.registerUserWithDefaultParameters(PostRegistrationHelper.java:24)\n\tat com.lifefitness.qa.api.core.controllers.user.putuserdetails.PutUserDetailsTest.checkThatLastNameFieldIsMandatory(PutUserDetailsTest.java:345)\n\tat java.base/jdk.internal.reflect.NativeMethodAccessorImpl.invoke0(Native Method)\n\tat java.base/jdk.internal.reflect.NativeMethodAccessorImpl.invoke(NativeMethodAccessorImpl.java:77)\n\tat java.base/jdk.internal.reflect.DelegatingMethodAccessorImpl.invoke(DelegatingMethodAccessorImpl.java:43)\n\tat java.base/java.lang.reflect.Method.invoke(Method.java:568)\n\tat org.testng.internal.invokers.MethodInvocationHelper.invokeMethod(MethodInvocationHelper.java:139)\n\tat org.testng.internal.invokers.TestInvoker.invokeMethod(TestInvoker.java:677)\n\tat org.testng.internal.invokers.TestInvoker.retryFailed(TestInvoker.java:263)\n\tat org.testng.internal.invokers.MethodRunner.runInSequence(MethodRunner.java:62)\n\tat org.testng.internal.invokers.TestInvoker$MethodInvocationAgent.invoke(TestInvoker.java:969)\n\tat org.testng.internal.invokers.TestInvoker.invokeTestMethods(TestInvoker.java:194)\n\tat org.testng.internal.invokers.TestMethodWorker.invokeTestMethods(TestMethodWorker.java:148)\n\tat org.testng.internal.invokers.TestMethodWorker.run(TestMethodWorker.java:128)\n\tat java.base/java.util.concurrent.ThreadPoolExecutor.runWorker(ThreadPoolExecutor.java:1136)\n\tat java.base/java.util.concurrent.ThreadPoolExecutor$Worker.run(ThreadPoolExecutor.java:635)\n\tat java.base/java.lang.Thread.run(Thread.java:833)\nCaused by: com.fasterxml.jackson.databind.exc.MismatchedInputException: No content to map due to end-of-input\n at [Source: (String)\"\"; line: 1, column: 0]\n\tat com.fasterxml.jackson.databind.exc.MismatchedInputException.from(MismatchedInputException.java:59)\n\tat com.fasterxml.jackson.databind.ObjectMapper._initForReading(ObjectMapper.java:4821)\n\tat com.fasterxml.jackson.databind.ObjectMapper._readMapAndClose(ObjectMapper.java:4723)\n\tat com.fasterxml.jackson.databind.ObjectMapper.readValue(ObjectMapper.java:3677)\n\tat com.fasterxml.jackson.databind.ObjectMapper.readValue(ObjectMapper.java:3645)\n\tat com.lifefitness.qa.api.corecontrollers.user.postregistration.PostRegistrationHelper.registerUser(PostRegistrationHelper.java:35)\n\t... 17 more\n",
  "flaky" : false,
  "newFailed" : false,
  "beforeStages" : [ {
    "name" : "executeBeforeTestSuite",
    "time" : {
      "start" : 1693209607549,
      "stop" : 1693209607788,
      "duration" : 239
    },
    "description" : "",
    "status" : "passed",
    "steps" : [ ],
    "attachments" : [ ],
    "parameters" : [ ],
    "stepsCount" : 0,
    "attachmentsCount" : 0,
    "shouldDisplayMessage" : false,
    "hasContent" : false
  } ],
  "afterStages" : [ {
    "name" : "onCarinaAfterMethod",
    "time" : {
      "start" : 1693209625084,
      "stop" : 1693209625084,
      "duration" : 0
    },
    "description" : "",
    "status" : "passed",
    "steps" : [ ],
    "attachments" : [ ],
    "parameters" : [ ],
    "stepsCount" : 0,
    "attachmentsCount" : 0,
    "shouldDisplayMessage" : false,
    "hasContent" : false
  }, {
    "name" : "addTestLog",
    "time" : {
      "start" : 1693209625065,
      "stop" : 1693209625084,
      "duration" : 19
    },
    "description" : "",
    "status" : "passed",
    "steps" : [ ],
    "attachments" : [ {
      "uid" : "bb8916f010b3663c",
      "name" : "Test log",
      "source" : "bb8916f010b3663c.txt",
      "type" : "text/plain",
      "size" : 6080
    } ],
    "parameters" : [ ],
    "stepsCount" : 0,
    "attachmentsCount" : 1,
    "shouldDisplayMessage" : false,
    "hasContent" : true
  }, {
    "name" : "deleteAllEmails",
    "time" : {
      "start" : 1693209641764,
      "stop" : 1693209642335,
      "duration" : 571
    },
    "description" : "",
    "status" : "passed",
    "steps" : [ ],
    "attachments" : [ ],
    "parameters" : [ ],
    "stepsCount" : 0,
    "attachmentsCount" : 0,
    "shouldDisplayMessage" : false,
    "hasContent" : false
  } ],
  "labels" : [ {
    "name" : "package",
    "value" : "com.lifefitness.qa.api.core.controllers.user.putuserdetails.PutUserDetailsTest"
  }, {
    "name" : "testClass",
    "value" : "com.lifefitness.qa.api.core.controllers.user.putuserdetails.PutUserDetailsTest"
  }, {
    "name" : "testMethod",
    "value" : "checkThatLastNameFieldIsMandatory"
  }, {
    "name" : "parentSuite",
    "value" : "LifeFitness Backend Auto Tests"
  }, {
    "name" : "suite",
    "value" : "LifeFitness Backend Auto Tests"
  }, {
    "name" : "subSuite",
    "value" : "com.lifefitness.qa.api.core.controllers.user.putuserdetails.PutUserDetailsTest"
  }, {
    "name" : "host",
    "value" : "16280b86-2a51-40db-be2f-5f1ea38aa14c-gjbhr"
  }, {
    "name" : "thread",
    "value" : "299@16280b86-2a51-40db-be2f-5f1ea38aa14c-gjbhr.TestNG-test=LifeFitness Backend Auto Tests-5(26)"
  }, {
    "name" : "framework",
    "value" : "testng"
  }, {
    "name" : "language",
    "value" : "java"
  }, {
    "name" : "owner",
    "value" : "Dmitry Parkhomenko"
  }, {
    "name" : "resultFormat",
    "value" : "allure2"
  } ],
  "parameters" : [ ],
  "links" : [ {
    "name" : "HPB-6930",
    "url" : "https://lfagile.atlassian.net/browse/HPB-6930",
    "type" : "issue"
  } ],
  "hidden" : false,
  "retry" : false,
  "extra" : {
    "severity" : "normal",
    "owner" : "Dmitry Parkhomenko",
    "retries" : [ {
      "uid" : "7c8c3c7a0cdef9e3",
      "status" : "skipped",
      "statusDetails" : "Unable to register user",
      "time" : {
        "start" : 1693209624927,
        "stop" : 1693209624989,
        "duration" : 62
      }
    } ],
    "categories" : [ {
      "name" : "Test defects",
      "matchedStatuses" : [ ],
      "flaky" : false
    } ],
    "history" : {
      "statistic" : {
        "failed" : 0,
        "broken" : 1,
        "skipped" : 0,
        "passed" : 3,
        "unknown" : 0,
        "total" : 4
      },
      "items" : [ {
        "uid" : "8a12db092dd118a",
        "status" : "passed",
        "time" : {
          "start" : 1692976692506,
          "stop" : 1692976694339,
          "duration" : 1833
        }
      }, {
        "uid" : "c2bacd36ff8e99c0",
        "status" : "passed",
        "time" : {
          "start" : 1692972649145,
          "stop" : 1692972650794,
          "duration" : 1649
        }
      }, {
        "uid" : "4c4ff00d77f2a8c2",
        "status" : "passed",
        "time" : {
          "start" : 1692970692184,
          "stop" : 1692970693908,
          "duration" : 1724
        }
      } ]
    },
    "tags" : [ ]
  },
  "source" : "b6e427909a23d5b6.json",
  "parameterValues" : [ ]
}