{
  "uid" : "b93d75e41d12c6a0",
  "name" : "Check that password can be updated through Service Portal",
  "fullName" : "com.lifefitness.qa.api.core.controllers.serviceportal.putpassword.PutPasswordTest.checkThatPasswordCanBeUpdatedThroughServicePortal",
  "historyId" : "125b4125de034717a2e78a9a697ef48b",
  "time" : {
    "start" : 1693281397372,
    "stop" : 1693281397439,
    "duration" : 67
  },
  "status" : "broken",
  "statusMessage" : "Unable to register user",
  "statusTrace" : "java.lang.RuntimeException: Unable to register user\n\tat com.lifefitness.qa.api.corecontrollers.user.postregistration.PostRegistrationHelper.registerUser(PostRegistrationHelper.java:37)\n\tat com.lifefitness.qa.api.corecontrollers.user.postregistration.PostRegistrationHelper.registerUserWithDefaultParameters(PostRegistrationHelper.java:24)\n\tat com.lifefitness.qa.api.core.controllers.serviceportal.putpassword.PutPasswordTest.checkThatPasswordCanBeUpdatedThroughServicePortal(PutPasswordTest.java:39)\n\tat java.base/jdk.internal.reflect.NativeMethodAccessorImpl.invoke0(Native Method)\n\tat java.base/jdk.internal.reflect.NativeMethodAccessorImpl.invoke(NativeMethodAccessorImpl.java:77)\n\tat java.base/jdk.internal.reflect.DelegatingMethodAccessorImpl.invoke(DelegatingMethodAccessorImpl.java:43)\n\tat java.base/java.lang.reflect.Method.invoke(Method.java:568)\n\tat org.testng.internal.invokers.MethodInvocationHelper.invokeMethod(MethodInvocationHelper.java:139)\n\tat org.testng.internal.invokers.TestInvoker.invokeMethod(TestInvoker.java:677)\n\tat org.testng.internal.invokers.TestInvoker.retryFailed(TestInvoker.java:263)\n\tat org.testng.internal.invokers.MethodRunner.runInSequence(MethodRunner.java:62)\n\tat org.testng.internal.invokers.TestInvoker$MethodInvocationAgent.invoke(TestInvoker.java:969)\n\tat org.testng.internal.invokers.TestInvoker.invokeTestMethods(TestInvoker.java:194)\n\tat org.testng.internal.invokers.TestMethodWorker.invokeTestMethods(TestMethodWorker.java:148)\n\tat org.testng.internal.invokers.TestMethodWorker.run(TestMethodWorker.java:128)\n\tat java.base/java.util.concurrent.ThreadPoolExecutor.runWorker(ThreadPoolExecutor.java:1136)\n\tat java.base/java.util.concurrent.ThreadPoolExecutor$Worker.run(ThreadPoolExecutor.java:635)\n\tat java.base/java.lang.Thread.run(Thread.java:833)\nCaused by: com.fasterxml.jackson.core.JsonParseException: Unrecognized token 'Rate': was expecting (JSON String, Number, Array, Object or token 'null', 'true' or 'false')\n at [Source: (String)\"Rate exceeded.\"; line: 1, column: 5]\n\tat com.fasterxml.jackson.core.JsonParser._constructError(JsonParser.java:2418)\n\tat com.fasterxml.jackson.core.base.ParserMinimalBase._reportError(ParserMinimalBase.java:759)\n\tat com.fasterxml.jackson.core.json.ReaderBasedJsonParser._reportInvalidToken(ReaderBasedJsonParser.java:3038)\n\tat com.fasterxml.jackson.core.json.ReaderBasedJsonParser._handleOddValue(ReaderBasedJsonParser.java:2079)\n\tat com.fasterxml.jackson.core.json.ReaderBasedJsonParser.nextToken(ReaderBasedJsonParser.java:805)\n\tat com.fasterxml.jackson.databind.ObjectMapper._initForReading(ObjectMapper.java:4817)\n\tat com.fasterxml.jackson.databind.ObjectMapper._readMapAndClose(ObjectMapper.java:4723)\n\tat com.fasterxml.jackson.databind.ObjectMapper.readValue(ObjectMapper.java:3677)\n\tat com.fasterxml.jackson.databind.ObjectMapper.readValue(ObjectMapper.java:3645)\n\tat com.lifefitness.qa.api.corecontrollers.user.postregistration.PostRegistrationHelper.registerUser(PostRegistrationHelper.java:35)\n\t... 17 more\n",
  "flaky" : false,
  "newFailed" : false,
  "beforeStages" : [ {
    "name" : "executeBeforeTestSuite",
    "time" : {
      "start" : 1693281329838,
      "stop" : 1693281330114,
      "duration" : 276
    },
    "description" : "",
    "status" : "passed",
    "steps" : [ ],
    "attachments" : [ ],
    "parameters" : [ ],
    "stepsCount" : 0,
    "attachmentsCount" : 0,
    "shouldDisplayMessage" : false,
    "hasContent" : false
  } ],
  "afterStages" : [ {
    "name" : "onCarinaAfterMethod",
    "time" : {
      "start" : 1693281397444,
      "stop" : 1693281397444,
      "duration" : 0
    },
    "description" : "",
    "status" : "passed",
    "steps" : [ ],
    "attachments" : [ ],
    "parameters" : [ ],
    "stepsCount" : 0,
    "attachmentsCount" : 0,
    "shouldDisplayMessage" : false,
    "hasContent" : false
  }, {
    "name" : "addTestLog",
    "time" : {
      "start" : 1693281397441,
      "stop" : 1693281397444,
      "duration" : 3
    },
    "description" : "",
    "status" : "passed",
    "steps" : [ ],
    "attachments" : [ {
      "uid" : "30f9dc2f9e935716",
      "name" : "Test log",
      "source" : "30f9dc2f9e935716.txt",
      "type" : "text/plain",
      "size" : 15268
    } ],
    "parameters" : [ ],
    "stepsCount" : 0,
    "attachmentsCount" : 1,
    "shouldDisplayMessage" : false,
    "hasContent" : true
  }, {
    "name" : "deleteAllEmails",
    "time" : {
      "start" : 1693283958630,
      "stop" : 1693283960324,
      "duration" : 1694
    },
    "description" : "",
    "status" : "passed",
    "steps" : [ ],
    "attachments" : [ ],
    "parameters" : [ ],
    "stepsCount" : 0,
    "attachmentsCount" : 0,
    "shouldDisplayMessage" : false,
    "hasContent" : false
  } ],
  "labels" : [ {
    "name" : "package",
    "value" : "com.lifefitness.qa.api.core.controllers.serviceportal.putpassword.PutPasswordTest"
  }, {
    "name" : "testClass",
    "value" : "com.lifefitness.qa.api.core.controllers.serviceportal.putpassword.PutPasswordTest"
  }, {
    "name" : "testMethod",
    "value" : "checkThatPasswordCanBeUpdatedThroughServicePortal"
  }, {
    "name" : "parentSuite",
    "value" : "LifeFitness Backend Auto Tests"
  }, {
    "name" : "suite",
    "value" : "LifeFitness Backend Auto Tests"
  }, {
    "name" : "subSuite",
    "value" : "com.lifefitness.qa.api.core.controllers.serviceportal.putpassword.PutPasswordTest"
  }, {
    "name" : "host",
    "value" : "cf1a8865-45cf-47d5-aa7d-2013d05e1092-lgdcc"
  }, {
    "name" : "thread",
    "value" : "308@cf1a8865-45cf-47d5-aa7d-2013d05e1092-lgdcc.TestNG-test=LifeFitness Backend Auto Tests-3(24)"
  }, {
    "name" : "framework",
    "value" : "testng"
  }, {
    "name" : "language",
    "value" : "java"
  }, {
    "name" : "owner",
    "value" : "Valeria Sorokina"
  }, {
    "name" : "resultFormat",
    "value" : "allure2"
  } ],
  "parameters" : [ ],
  "links" : [ {
    "name" : "HPB-7260",
    "url" : "https://lfagile.atlassian.net/browse/HPB-7260",
    "type" : "issue"
  } ],
  "hidden" : false,
  "retry" : false,
  "extra" : {
    "severity" : "normal",
    "owner" : "Valeria Sorokina",
    "retries" : [ {
      "uid" : "4a2e962abe7347f5",
      "status" : "skipped",
      "statusDetails" : "Status code is incorrect expected [200] but found [503]",
      "time" : {
        "start" : 1693281359153,
        "stop" : 1693281397367,
        "duration" : 38214
      }
    } ],
    "categories" : [ {
      "name" : "Test defects",
      "matchedStatuses" : [ ],
      "flaky" : false
    } ],
    "history" : {
      "statistic" : {
        "failed" : 4,
        "broken" : 2,
        "skipped" : 0,
        "passed" : 0,
        "unknown" : 0,
        "total" : 6
      },
      "items" : [ {
        "uid" : "cd551bbc1db0525d",
        "status" : "failed",
        "statusDetails" : "Status code is incorrect expected [200] but found [429]",
        "time" : {
          "start" : 1693223949589,
          "stop" : 1693223998560,
          "duration" : 48971
        }
      }, {
        "uid" : "72be8d565bcc9d66",
        "status" : "broken",
        "statusDetails" : "Unable to register user",
        "time" : {
          "start" : 1693209613647,
          "stop" : 1693209613723,
          "duration" : 76
        }
      }, {
        "uid" : "56ba499ffdbe30a0",
        "status" : "failed",
        "statusDetails" : "Status code is incorrect expected [200] but found [504]",
        "time" : {
          "start" : 1692975997890,
          "stop" : 1692976161061,
          "duration" : 163171
        }
      }, {
        "uid" : "3ac05845dabc9a00",
        "status" : "failed",
        "statusDetails" : "Status code is incorrect expected [200] but found [504]",
        "time" : {
          "start" : 1692972172577,
          "stop" : 1692972294439,
          "duration" : 121862
        }
      }, {
        "uid" : "e87587e0340be973",
        "status" : "failed",
        "statusDetails" : "Status code is incorrect expected [200] but found [504]",
        "time" : {
          "start" : 1692970445399,
          "stop" : 1692970567348,
          "duration" : 121949
        }
      } ]
    },
    "tags" : [ ]
  },
  "source" : "b93d75e41d12c6a0.json",
  "parameterValues" : [ ]
}