{
  "uid" : "c0c8b64819a7bd6a",
  "name" : "Check that supplementary permissions can't be updated without a token",
  "fullName" : "com.lifefitness.qa.api.core.controllers.user.putsupplementarypermissionsbyuserid.PutSupplementaryPermissionsByIdTest.checkThatSupplementaryPermissionsCantBeUpdatedWithoutAToken",
  "historyId" : "a64cc130be5dcccaf4d5fe5c5fc4f8bd",
  "time" : {
    "start" : 1693224350934,
    "stop" : 1693224351011,
    "duration" : 77
  },
  "status" : "broken",
  "statusMessage" : "Unable to register user",
  "statusTrace" : "java.lang.RuntimeException: Unable to register user\n\tat com.lifefitness.qa.api.corecontrollers.user.postregistration.PostRegistrationHelper.registerUser(PostRegistrationHelper.java:37)\n\tat com.lifefitness.qa.api.corecontrollers.user.postregistration.PostRegistrationHelper.registerUserWithDefaultParameters(PostRegistrationHelper.java:24)\n\tat com.lifefitness.qa.api.core.controllers.user.putsupplementarypermissionsbyuserid.PutSupplementaryPermissionsByIdTest.checkThatSupplementaryPermissionsCantBeUpdatedWithoutAToken(PutSupplementaryPermissionsByIdTest.java:52)\n\tat java.base/jdk.internal.reflect.NativeMethodAccessorImpl.invoke0(Native Method)\n\tat java.base/jdk.internal.reflect.NativeMethodAccessorImpl.invoke(NativeMethodAccessorImpl.java:77)\n\tat java.base/jdk.internal.reflect.DelegatingMethodAccessorImpl.invoke(DelegatingMethodAccessorImpl.java:43)\n\tat java.base/java.lang.reflect.Method.invoke(Method.java:568)\n\tat org.testng.internal.invokers.MethodInvocationHelper.invokeMethod(MethodInvocationHelper.java:139)\n\tat org.testng.internal.invokers.TestInvoker.invokeMethod(TestInvoker.java:677)\n\tat org.testng.internal.invokers.TestInvoker.retryFailed(TestInvoker.java:263)\n\tat org.testng.internal.invokers.MethodRunner.runInSequence(MethodRunner.java:62)\n\tat org.testng.internal.invokers.TestInvoker$MethodInvocationAgent.invoke(TestInvoker.java:969)\n\tat org.testng.internal.invokers.TestInvoker.invokeTestMethods(TestInvoker.java:194)\n\tat org.testng.internal.invokers.TestMethodWorker.invokeTestMethods(TestMethodWorker.java:148)\n\tat org.testng.internal.invokers.TestMethodWorker.run(TestMethodWorker.java:128)\n\tat java.base/java.util.concurrent.ThreadPoolExecutor.runWorker(ThreadPoolExecutor.java:1136)\n\tat java.base/java.util.concurrent.ThreadPoolExecutor$Worker.run(ThreadPoolExecutor.java:635)\n\tat java.base/java.lang.Thread.run(Thread.java:833)\nCaused by: com.fasterxml.jackson.core.JsonParseException: Unrecognized token 'Rate': was expecting (JSON String, Number, Array, Object or token 'null', 'true' or 'false')\n at [Source: (String)\"Rate exceeded.\"; line: 1, column: 5]\n\tat com.fasterxml.jackson.core.JsonParser._constructError(JsonParser.java:2418)\n\tat com.fasterxml.jackson.core.base.ParserMinimalBase._reportError(ParserMinimalBase.java:759)\n\tat com.fasterxml.jackson.core.json.ReaderBasedJsonParser._reportInvalidToken(ReaderBasedJsonParser.java:3038)\n\tat com.fasterxml.jackson.core.json.ReaderBasedJsonParser._handleOddValue(ReaderBasedJsonParser.java:2079)\n\tat com.fasterxml.jackson.core.json.ReaderBasedJsonParser.nextToken(ReaderBasedJsonParser.java:805)\n\tat com.fasterxml.jackson.databind.ObjectMapper._initForReading(ObjectMapper.java:4817)\n\tat com.fasterxml.jackson.databind.ObjectMapper._readMapAndClose(ObjectMapper.java:4723)\n\tat com.fasterxml.jackson.databind.ObjectMapper.readValue(ObjectMapper.java:3677)\n\tat com.fasterxml.jackson.databind.ObjectMapper.readValue(ObjectMapper.java:3645)\n\tat com.lifefitness.qa.api.corecontrollers.user.postregistration.PostRegistrationHelper.registerUser(PostRegistrationHelper.java:35)\n\t... 17 more\n",
  "flaky" : false,
  "newFailed" : false,
  "beforeStages" : [ {
    "name" : "executeBeforeTestSuite",
    "time" : {
      "start" : 1693223484508,
      "stop" : 1693223484728,
      "duration" : 220
    },
    "description" : "",
    "status" : "passed",
    "steps" : [ ],
    "attachments" : [ ],
    "parameters" : [ ],
    "stepsCount" : 0,
    "attachmentsCount" : 0,
    "shouldDisplayMessage" : false,
    "hasContent" : false
  } ],
  "afterStages" : [ {
    "name" : "onCarinaAfterMethod",
    "time" : {
      "start" : 1693224351028,
      "stop" : 1693224351028,
      "duration" : 0
    },
    "description" : "",
    "status" : "passed",
    "steps" : [ ],
    "attachments" : [ ],
    "parameters" : [ ],
    "stepsCount" : 0,
    "attachmentsCount" : 0,
    "shouldDisplayMessage" : false,
    "hasContent" : false
  }, {
    "name" : "addTestLog",
    "time" : {
      "start" : 1693224351013,
      "stop" : 1693224351027,
      "duration" : 14
    },
    "description" : "",
    "status" : "passed",
    "steps" : [ ],
    "attachments" : [ {
      "uid" : "7c4e6121df54071e",
      "name" : "Test log",
      "source" : "7c4e6121df54071e.html",
      "type" : "text/html",
      "size" : 5807
    } ],
    "parameters" : [ ],
    "stepsCount" : 0,
    "attachmentsCount" : 1,
    "shouldDisplayMessage" : false,
    "hasContent" : true
  }, {
    "name" : "deleteAllEmails",
    "time" : {
      "start" : 1693224616637,
      "stop" : 1693224617892,
      "duration" : 1255
    },
    "description" : "",
    "status" : "passed",
    "steps" : [ ],
    "attachments" : [ ],
    "parameters" : [ ],
    "stepsCount" : 0,
    "attachmentsCount" : 0,
    "shouldDisplayMessage" : false,
    "hasContent" : false
  } ],
  "labels" : [ {
    "name" : "package",
    "value" : "com.lifefitness.qa.api.core.controllers.user.putsupplementarypermissionsbyuserid.PutSupplementaryPermissionsByIdTest"
  }, {
    "name" : "testClass",
    "value" : "com.lifefitness.qa.api.core.controllers.user.putsupplementarypermissionsbyuserid.PutSupplementaryPermissionsByIdTest"
  }, {
    "name" : "testMethod",
    "value" : "checkThatSupplementaryPermissionsCantBeUpdatedWithoutAToken"
  }, {
    "name" : "parentSuite",
    "value" : "LifeFitness Backend Auto Tests"
  }, {
    "name" : "suite",
    "value" : "LifeFitness Backend Auto Tests"
  }, {
    "name" : "subSuite",
    "value" : "com.lifefitness.qa.api.core.controllers.user.putsupplementarypermissionsbyuserid.PutSupplementaryPermissionsByIdTest"
  }, {
    "name" : "host",
    "value" : "43db6e84-362a-48aa-87be-cf266c2d81a7-6z648"
  }, {
    "name" : "thread",
    "value" : "301@43db6e84-362a-48aa-87be-cf266c2d81a7-6z648.TestNG-test=LifeFitness Backend Auto Tests-4(25)"
  }, {
    "name" : "framework",
    "value" : "testng"
  }, {
    "name" : "language",
    "value" : "java"
  }, {
    "name" : "owner",
    "value" : "Dmitry Parkhomenko"
  }, {
    "name" : "resultFormat",
    "value" : "allure2"
  } ],
  "parameters" : [ ],
  "links" : [ {
    "name" : "HPB-7260",
    "url" : "https://lfagile.atlassian.net/browse/HPB-7260",
    "type" : "issue"
  } ],
  "hidden" : false,
  "retry" : false,
  "extra" : {
    "severity" : "normal",
    "owner" : "Dmitry Parkhomenko",
    "retries" : [ {
      "uid" : "f1a4358f24735536",
      "status" : "skipped",
      "statusDetails" : "Unable to register user",
      "time" : {
        "start" : 1693224350870,
        "stop" : 1693224350931,
        "duration" : 61
      }
    } ],
    "categories" : [ {
      "name" : "Test defects",
      "matchedStatuses" : [ ],
      "flaky" : false
    } ],
    "history" : {
      "statistic" : {
        "failed" : 0,
        "broken" : 2,
        "skipped" : 0,
        "passed" : 3,
        "unknown" : 0,
        "total" : 5
      },
      "items" : [ {
        "uid" : "3676a4a4f3288963",
        "status" : "broken",
        "statusDetails" : "Unable to register user",
        "time" : {
          "start" : 1693209624492,
          "stop" : 1693209624556,
          "duration" : 64
        }
      }, {
        "uid" : "c23faa8bed8db233",
        "status" : "passed",
        "time" : {
          "start" : 1692976677297,
          "stop" : 1692976678397,
          "duration" : 1100
        }
      }, {
        "uid" : "f0ec580b321663e5",
        "status" : "passed",
        "time" : {
          "start" : 1692972638983,
          "stop" : 1692972640131,
          "duration" : 1148
        }
      }, {
        "uid" : "bf17b0a56ce484e0",
        "status" : "passed",
        "time" : {
          "start" : 1692970681200,
          "stop" : 1692970682565,
          "duration" : 1365
        }
      } ]
    },
    "tags" : [ ]
  },
  "source" : "c0c8b64819a7bd6a.json",
  "parameterValues" : [ ]
}