{
  "uid" : "cb12c7db73bf4654",
  "name" : "Check that users profile can be updated",
  "fullName" : "com.lifefitness.qa.api.core.controllers.user.putusersprofile.PutUsersProfileTest.checkThatUsersProfileCanBeUpdated",
  "historyId" : "db387f1384a9d48be09341829d60b129",
  "time" : {
    "start" : 1693224367457,
    "stop" : 1693224367526,
    "duration" : 69
  },
  "status" : "broken",
  "statusMessage" : "Unable to register user",
  "statusTrace" : "java.lang.RuntimeException: Unable to register user\n\tat com.lifefitness.qa.api.corecontrollers.user.postregistration.PostRegistrationHelper.registerUser(PostRegistrationHelper.java:37)\n\tat com.lifefitness.qa.api.corecontrollers.user.postregistration.PostRegistrationHelper.registerUserWithDefaultParameters(PostRegistrationHelper.java:24)\n\tat com.lifefitness.qa.api.core.controllers.user.putusersprofile.PutUsersProfileTest.checkThatUsersProfileCanBeUpdated(PutUsersProfileTest.java:38)\n\tat java.base/jdk.internal.reflect.NativeMethodAccessorImpl.invoke0(Native Method)\n\tat java.base/jdk.internal.reflect.NativeMethodAccessorImpl.invoke(NativeMethodAccessorImpl.java:77)\n\tat java.base/jdk.internal.reflect.DelegatingMethodAccessorImpl.invoke(DelegatingMethodAccessorImpl.java:43)\n\tat java.base/java.lang.reflect.Method.invoke(Method.java:568)\n\tat org.testng.internal.invokers.MethodInvocationHelper.invokeMethod(MethodInvocationHelper.java:139)\n\tat org.testng.internal.invokers.TestInvoker.invokeMethod(TestInvoker.java:677)\n\tat org.testng.internal.invokers.TestInvoker.retryFailed(TestInvoker.java:263)\n\tat org.testng.internal.invokers.MethodRunner.runInSequence(MethodRunner.java:62)\n\tat org.testng.internal.invokers.TestInvoker$MethodInvocationAgent.invoke(TestInvoker.java:969)\n\tat org.testng.internal.invokers.TestInvoker.invokeTestMethods(TestInvoker.java:194)\n\tat org.testng.internal.invokers.TestMethodWorker.invokeTestMethods(TestMethodWorker.java:148)\n\tat org.testng.internal.invokers.TestMethodWorker.run(TestMethodWorker.java:128)\n\tat java.base/java.util.concurrent.ThreadPoolExecutor.runWorker(ThreadPoolExecutor.java:1136)\n\tat java.base/java.util.concurrent.ThreadPoolExecutor$Worker.run(ThreadPoolExecutor.java:635)\n\tat java.base/java.lang.Thread.run(Thread.java:833)\nCaused by: com.fasterxml.jackson.core.JsonParseException: Unrecognized token 'Rate': was expecting (JSON String, Number, Array, Object or token 'null', 'true' or 'false')\n at [Source: (String)\"Rate exceeded.\"; line: 1, column: 5]\n\tat com.fasterxml.jackson.core.JsonParser._constructError(JsonParser.java:2418)\n\tat com.fasterxml.jackson.core.base.ParserMinimalBase._reportError(ParserMinimalBase.java:759)\n\tat com.fasterxml.jackson.core.json.ReaderBasedJsonParser._reportInvalidToken(ReaderBasedJsonParser.java:3038)\n\tat com.fasterxml.jackson.core.json.ReaderBasedJsonParser._handleOddValue(ReaderBasedJsonParser.java:2079)\n\tat com.fasterxml.jackson.core.json.ReaderBasedJsonParser.nextToken(ReaderBasedJsonParser.java:805)\n\tat com.fasterxml.jackson.databind.ObjectMapper._initForReading(ObjectMapper.java:4817)\n\tat com.fasterxml.jackson.databind.ObjectMapper._readMapAndClose(ObjectMapper.java:4723)\n\tat com.fasterxml.jackson.databind.ObjectMapper.readValue(ObjectMapper.java:3677)\n\tat com.fasterxml.jackson.databind.ObjectMapper.readValue(ObjectMapper.java:3645)\n\tat com.lifefitness.qa.api.corecontrollers.user.postregistration.PostRegistrationHelper.registerUser(PostRegistrationHelper.java:35)\n\t... 17 more\n",
  "flaky" : false,
  "newFailed" : false,
  "beforeStages" : [ {
    "name" : "executeBeforeTestSuite",
    "time" : {
      "start" : 1693223484508,
      "stop" : 1693223484728,
      "duration" : 220
    },
    "description" : "",
    "status" : "passed",
    "steps" : [ ],
    "attachments" : [ ],
    "parameters" : [ ],
    "stepsCount" : 0,
    "attachmentsCount" : 0,
    "shouldDisplayMessage" : false,
    "hasContent" : false
  } ],
  "afterStages" : [ {
    "name" : "addTestLog",
    "time" : {
      "start" : 1693224367527,
      "stop" : 1693224367545,
      "duration" : 18
    },
    "description" : "",
    "status" : "passed",
    "steps" : [ ],
    "attachments" : [ {
      "uid" : "83c7e6711db4b0bc",
      "name" : "Test log",
      "source" : "83c7e6711db4b0bc.html",
      "type" : "text/html",
      "size" : 5650
    } ],
    "parameters" : [ ],
    "stepsCount" : 0,
    "attachmentsCount" : 1,
    "shouldDisplayMessage" : false,
    "hasContent" : true
  }, {
    "name" : "onCarinaAfterMethod",
    "time" : {
      "start" : 1693224367546,
      "stop" : 1693224367546,
      "duration" : 0
    },
    "description" : "",
    "status" : "passed",
    "steps" : [ ],
    "attachments" : [ ],
    "parameters" : [ ],
    "stepsCount" : 0,
    "attachmentsCount" : 0,
    "shouldDisplayMessage" : false,
    "hasContent" : false
  }, {
    "name" : "deleteAllEmails",
    "time" : {
      "start" : 1693224616637,
      "stop" : 1693224617892,
      "duration" : 1255
    },
    "description" : "",
    "status" : "passed",
    "steps" : [ ],
    "attachments" : [ ],
    "parameters" : [ ],
    "stepsCount" : 0,
    "attachmentsCount" : 0,
    "shouldDisplayMessage" : false,
    "hasContent" : false
  } ],
  "labels" : [ {
    "name" : "package",
    "value" : "com.lifefitness.qa.api.core.controllers.user.putusersprofile.PutUsersProfileTest"
  }, {
    "name" : "testClass",
    "value" : "com.lifefitness.qa.api.core.controllers.user.putusersprofile.PutUsersProfileTest"
  }, {
    "name" : "testMethod",
    "value" : "checkThatUsersProfileCanBeUpdated"
  }, {
    "name" : "parentSuite",
    "value" : "LifeFitness Backend Auto Tests"
  }, {
    "name" : "suite",
    "value" : "LifeFitness Backend Auto Tests"
  }, {
    "name" : "subSuite",
    "value" : "com.lifefitness.qa.api.core.controllers.user.putusersprofile.PutUsersProfileTest"
  }, {
    "name" : "host",
    "value" : "43db6e84-362a-48aa-87be-cf266c2d81a7-6z648"
  }, {
    "name" : "thread",
    "value" : "301@43db6e84-362a-48aa-87be-cf266c2d81a7-6z648.TestNG-test=LifeFitness Backend Auto Tests-2(23)"
  }, {
    "name" : "framework",
    "value" : "testng"
  }, {
    "name" : "language",
    "value" : "java"
  }, {
    "name" : "owner",
    "value" : "Valeria Sorokina"
  }, {
    "name" : "resultFormat",
    "value" : "allure2"
  } ],
  "parameters" : [ ],
  "links" : [ {
    "name" : "HPB-6876",
    "url" : "https://lfagile.atlassian.net/browse/HPB-6876",
    "type" : "issue"
  } ],
  "hidden" : false,
  "retry" : false,
  "extra" : {
    "severity" : "normal",
    "owner" : "Valeria Sorokina",
    "retries" : [ {
      "uid" : "3ebd37026e6577ed",
      "status" : "skipped",
      "statusDetails" : "Unable to register user",
      "time" : {
        "start" : 1693224367395,
        "stop" : 1693224367453,
        "duration" : 58
      }
    } ],
    "categories" : [ {
      "name" : "Test defects",
      "matchedStatuses" : [ ],
      "flaky" : false
    } ],
    "history" : {
      "statistic" : {
        "failed" : 3,
        "broken" : 2,
        "skipped" : 0,
        "passed" : 0,
        "unknown" : 0,
        "total" : 5
      },
      "items" : [ {
        "uid" : "af648446564686ce",
        "status" : "broken",
        "statusDetails" : "Unable to register user",
        "time" : {
          "start" : 1693209625881,
          "stop" : 1693209625945,
          "duration" : 64
        }
      }, {
        "uid" : "eb0c6e8598435559",
        "status" : "failed",
        "statusDetails" : "2 expectations failed.\nExpected status code <200> but was <400>.\n\nExpected status line a string containing \"OK\" doesn't match actual status line \"HTTP/1.1 400 Bad Request\".\n",
        "time" : {
          "start" : 1692976845624,
          "stop" : 1692976984047,
          "duration" : 138423
        }
      }, {
        "uid" : "3ab54a8e018e6898",
        "status" : "failed",
        "statusDetails" : "2 expectations failed.\nExpected status code <200> but was <504>.\n\nExpected status line a string containing \"OK\" doesn't match actual status line \"HTTP/1.1 504 Gateway Timeout\".\n",
        "time" : {
          "start" : 1692972817241,
          "stop" : 1692974037804,
          "duration" : 1220563
        }
      }, {
        "uid" : "d9ba24fbe580321e",
        "status" : "failed",
        "statusDetails" : "2 expectations failed.\nExpected status code <200> but was <400>.\n\nExpected status line a string containing \"OK\" doesn't match actual status line \"HTTP/1.1 400 Bad Request\".\n",
        "time" : {
          "start" : 1692970775745,
          "stop" : 1692970867046,
          "duration" : 91301
        }
      } ]
    },
    "tags" : [ ]
  },
  "source" : "cb12c7db73bf4654.json",
  "parameterValues" : [ ]
}