{
  "uid" : "dd0147221ebef270",
  "name" : "Check updating password with another user's token",
  "fullName" : "com.lifefitness.qa.api.utils.controllers.password.postupdatepassword.PostUpdatePasswordTest.checkUpdatingPasswordWithAnotherUsersToken",
  "historyId" : "5f5bd08a66a2e3ce1c100be79a432629",
  "time" : {
    "start" : 1693224438934,
    "stop" : 1693224499065,
    "duration" : 60131
  },
  "status" : "broken",
  "statusMessage" : "Could not get message.",
  "statusTrace" : "java.lang.RuntimeException: Could not get message.\n\tat com.lifefitness.qa.utils.email.EmailUtils.getMessage(EmailUtils.java:186)\n\tat com.lifefitness.qa.api.utils.controllers.password.postupdatepassword.PostUpdatePasswordTest.checkUpdatingPasswordWithAnotherUsersToken(PostUpdatePasswordTest.java:277)\n\tat java.base/jdk.internal.reflect.NativeMethodAccessorImpl.invoke0(Native Method)\n\tat java.base/jdk.internal.reflect.NativeMethodAccessorImpl.invoke(NativeMethodAccessorImpl.java:77)\n\tat java.base/jdk.internal.reflect.DelegatingMethodAccessorImpl.invoke(DelegatingMethodAccessorImpl.java:43)\n\tat java.base/java.lang.reflect.Method.invoke(Method.java:568)\n\tat org.testng.internal.invokers.MethodInvocationHelper.invokeMethod(MethodInvocationHelper.java:139)\n\tat org.testng.internal.invokers.TestInvoker.invokeMethod(TestInvoker.java:677)\n\tat org.testng.internal.invokers.TestInvoker.retryFailed(TestInvoker.java:263)\n\tat org.testng.internal.invokers.MethodRunner.runInSequence(MethodRunner.java:62)\n\tat org.testng.internal.invokers.TestInvoker$MethodInvocationAgent.invoke(TestInvoker.java:969)\n\tat org.testng.internal.invokers.TestInvoker.invokeTestMethods(TestInvoker.java:194)\n\tat org.testng.internal.invokers.TestMethodWorker.invokeTestMethods(TestMethodWorker.java:148)\n\tat org.testng.internal.invokers.TestMethodWorker.run(TestMethodWorker.java:128)\n\tat java.base/java.util.concurrent.ThreadPoolExecutor.runWorker(ThreadPoolExecutor.java:1136)\n\tat java.base/java.util.concurrent.ThreadPoolExecutor$Worker.run(ThreadPoolExecutor.java:635)\n\tat java.base/java.lang.Thread.run(Thread.java:833)\nCaused by: javax.mail.MessagingException: Message wasn't found!\n\tat com.lifefitness.qa.utils.email.EmailUtils.getMessage(EmailUtils.java:163)\n\t... 16 more\n",
  "flaky" : false,
  "newFailed" : false,
  "beforeStages" : [ {
    "name" : "executeBeforeTestSuite",
    "time" : {
      "start" : 1693223484508,
      "stop" : 1693223484728,
      "duration" : 220
    },
    "description" : "",
    "status" : "passed",
    "steps" : [ ],
    "attachments" : [ ],
    "parameters" : [ ],
    "stepsCount" : 0,
    "attachmentsCount" : 0,
    "shouldDisplayMessage" : false,
    "hasContent" : false
  } ],
  "afterStages" : [ {
    "name" : "addTestLog",
    "time" : {
      "start" : 1693224499067,
      "stop" : 1693224499080,
      "duration" : 13
    },
    "description" : "",
    "status" : "passed",
    "steps" : [ ],
    "attachments" : [ {
      "uid" : "7bf8216c10cf6361",
      "name" : "Test log",
      "source" : "7bf8216c10cf6361.txt",
      "type" : "text/plain",
      "size" : 22526
    } ],
    "parameters" : [ ],
    "stepsCount" : 0,
    "attachmentsCount" : 1,
    "shouldDisplayMessage" : false,
    "hasContent" : true
  }, {
    "name" : "onCarinaAfterMethod",
    "time" : {
      "start" : 1693224499081,
      "stop" : 1693224499081,
      "duration" : 0
    },
    "description" : "",
    "status" : "passed",
    "steps" : [ ],
    "attachments" : [ ],
    "parameters" : [ ],
    "stepsCount" : 0,
    "attachmentsCount" : 0,
    "shouldDisplayMessage" : false,
    "hasContent" : false
  }, {
    "name" : "deleteAllEmails",
    "time" : {
      "start" : 1693224616637,
      "stop" : 1693224617892,
      "duration" : 1255
    },
    "description" : "",
    "status" : "passed",
    "steps" : [ ],
    "attachments" : [ ],
    "parameters" : [ ],
    "stepsCount" : 0,
    "attachmentsCount" : 0,
    "shouldDisplayMessage" : false,
    "hasContent" : false
  } ],
  "labels" : [ {
    "name" : "package",
    "value" : "com.lifefitness.qa.api.utils.controllers.password.postupdatepassword.PostUpdatePasswordTest"
  }, {
    "name" : "testClass",
    "value" : "com.lifefitness.qa.api.utils.controllers.password.postupdatepassword.PostUpdatePasswordTest"
  }, {
    "name" : "testMethod",
    "value" : "checkUpdatingPasswordWithAnotherUsersToken"
  }, {
    "name" : "parentSuite",
    "value" : "LifeFitness Backend Auto Tests"
  }, {
    "name" : "suite",
    "value" : "LifeFitness Backend Auto Tests"
  }, {
    "name" : "subSuite",
    "value" : "com.lifefitness.qa.api.utils.controllers.password.postupdatepassword.PostUpdatePasswordTest"
  }, {
    "name" : "host",
    "value" : "43db6e84-362a-48aa-87be-cf266c2d81a7-6z648"
  }, {
    "name" : "thread",
    "value" : "301@43db6e84-362a-48aa-87be-cf266c2d81a7-6z648.TestNG-test=LifeFitness Backend Auto Tests-5(26)"
  }, {
    "name" : "framework",
    "value" : "testng"
  }, {
    "name" : "language",
    "value" : "java"
  }, {
    "name" : "owner",
    "value" : "Dmitry Parkhomenko"
  }, {
    "name" : "resultFormat",
    "value" : "allure2"
  } ],
  "parameters" : [ ],
  "links" : [ ],
  "hidden" : false,
  "retry" : false,
  "extra" : {
    "severity" : "normal",
    "owner" : "Dmitry Parkhomenko",
    "retries" : [ {
      "uid" : "5d2a193982cc5086",
      "status" : "skipped",
      "statusDetails" : "Could not get message.",
      "time" : {
        "start" : 1693224379163,
        "stop" : 1693224438932,
        "duration" : 59769
      }
    } ],
    "categories" : [ {
      "name" : "Test defects",
      "matchedStatuses" : [ ],
      "flaky" : false
    } ],
    "history" : {
      "statistic" : {
        "failed" : 1,
        "broken" : 1,
        "skipped" : 0,
        "passed" : 3,
        "unknown" : 0,
        "total" : 5
      },
      "items" : [ {
        "uid" : "f5788ab17a4eff88",
        "status" : "failed",
        "statusDetails" : "2 expectations failed.\nExpected status code <201> but was <403>.\n\nExpected status line a string containing \"Created\" doesn't match actual status line \"HTTP/1.1 403 Forbidden\".\n",
        "time" : {
          "start" : 1693209634151,
          "stop" : 1693209635193,
          "duration" : 1042
        }
      }, {
        "uid" : "62279033fd31ef8d",
        "status" : "passed",
        "time" : {
          "start" : 1692976948205,
          "stop" : 1692976953878,
          "duration" : 5673
        }
      }, {
        "uid" : "bd7ee81b9b2a4f01",
        "status" : "passed",
        "time" : {
          "start" : 1692973926384,
          "stop" : 1692973932416,
          "duration" : 6032
        }
      }, {
        "uid" : "289cb031bf75a4e8",
        "status" : "passed",
        "time" : {
          "start" : 1692970868364,
          "stop" : 1692970905250,
          "duration" : 36886
        }
      } ]
    },
    "tags" : [ ]
  },
  "source" : "dd0147221ebef270.json",
  "parameterValues" : [ ]
}