{
  "uid" : "fb66e88482511d34",
  "name" : "Check updating password with camel case email",
  "fullName" : "com.lifefitness.qa.api.utils.controllers.password.postupdatepassword.PostUpdatePasswordTest.checkUpdatingPasswordWithCamelCaseEmail",
  "historyId" : "30946d885d2bfc04056d086b659c81f",
  "time" : {
    "start" : 1693224444190,
    "stop" : 1693224501820,
    "duration" : 57630
  },
  "status" : "broken",
  "statusMessage" : "Could not get message.",
  "statusTrace" : "java.lang.RuntimeException: Could not get message.\n\tat com.lifefitness.qa.utils.email.EmailUtils.getMessage(EmailUtils.java:186)\n\tat com.lifefitness.qa.api.utils.controllers.password.postupdatepassword.PostUpdatePasswordTest.checkUpdatingPasswordWithCamelCaseEmail(PostUpdatePasswordTest.java:57)\n\tat java.base/jdk.internal.reflect.NativeMethodAccessorImpl.invoke0(Native Method)\n\tat java.base/jdk.internal.reflect.NativeMethodAccessorImpl.invoke(NativeMethodAccessorImpl.java:77)\n\tat java.base/jdk.internal.reflect.DelegatingMethodAccessorImpl.invoke(DelegatingMethodAccessorImpl.java:43)\n\tat java.base/java.lang.reflect.Method.invoke(Method.java:568)\n\tat org.testng.internal.invokers.MethodInvocationHelper.invokeMethod(MethodInvocationHelper.java:139)\n\tat org.testng.internal.invokers.TestInvoker.invokeMethod(TestInvoker.java:677)\n\tat org.testng.internal.invokers.TestInvoker.retryFailed(TestInvoker.java:263)\n\tat org.testng.internal.invokers.MethodRunner.runInSequence(MethodRunner.java:62)\n\tat org.testng.internal.invokers.TestInvoker$MethodInvocationAgent.invoke(TestInvoker.java:969)\n\tat org.testng.internal.invokers.TestInvoker.invokeTestMethods(TestInvoker.java:194)\n\tat org.testng.internal.invokers.TestMethodWorker.invokeTestMethods(TestMethodWorker.java:148)\n\tat org.testng.internal.invokers.TestMethodWorker.run(TestMethodWorker.java:128)\n\tat java.base/java.util.concurrent.ThreadPoolExecutor.runWorker(ThreadPoolExecutor.java:1136)\n\tat java.base/java.util.concurrent.ThreadPoolExecutor$Worker.run(ThreadPoolExecutor.java:635)\n\tat java.base/java.lang.Thread.run(Thread.java:833)\nCaused by: javax.mail.MessagingException: Message wasn't found!\n\tat com.lifefitness.qa.utils.email.EmailUtils.getMessage(EmailUtils.java:163)\n\t... 16 more\n",
  "flaky" : false,
  "newFailed" : false,
  "beforeStages" : [ {
    "name" : "executeBeforeTestSuite",
    "time" : {
      "start" : 1693223484508,
      "stop" : 1693223484728,
      "duration" : 220
    },
    "description" : "",
    "status" : "passed",
    "steps" : [ ],
    "attachments" : [ ],
    "parameters" : [ ],
    "stepsCount" : 0,
    "attachmentsCount" : 0,
    "shouldDisplayMessage" : false,
    "hasContent" : false
  } ],
  "afterStages" : [ {
    "name" : "addTestLog",
    "time" : {
      "start" : 1693224501821,
      "stop" : 1693224501839,
      "duration" : 18
    },
    "description" : "",
    "status" : "passed",
    "steps" : [ ],
    "attachments" : [ {
      "uid" : "e7bc90b2caea2192",
      "name" : "Test log",
      "source" : "e7bc90b2caea2192.txt",
      "type" : "text/plain",
      "size" : 15821
    } ],
    "parameters" : [ ],
    "stepsCount" : 0,
    "attachmentsCount" : 1,
    "shouldDisplayMessage" : false,
    "hasContent" : true
  }, {
    "name" : "onCarinaAfterMethod",
    "time" : {
      "start" : 1693224501839,
      "stop" : 1693224501839,
      "duration" : 0
    },
    "description" : "",
    "status" : "passed",
    "steps" : [ ],
    "attachments" : [ ],
    "parameters" : [ ],
    "stepsCount" : 0,
    "attachmentsCount" : 0,
    "shouldDisplayMessage" : false,
    "hasContent" : false
  }, {
    "name" : "deleteAllEmails",
    "time" : {
      "start" : 1693224616637,
      "stop" : 1693224617892,
      "duration" : 1255
    },
    "description" : "",
    "status" : "passed",
    "steps" : [ ],
    "attachments" : [ ],
    "parameters" : [ ],
    "stepsCount" : 0,
    "attachmentsCount" : 0,
    "shouldDisplayMessage" : false,
    "hasContent" : false
  } ],
  "labels" : [ {
    "name" : "package",
    "value" : "com.lifefitness.qa.api.utils.controllers.password.postupdatepassword.PostUpdatePasswordTest"
  }, {
    "name" : "testClass",
    "value" : "com.lifefitness.qa.api.utils.controllers.password.postupdatepassword.PostUpdatePasswordTest"
  }, {
    "name" : "testMethod",
    "value" : "checkUpdatingPasswordWithCamelCaseEmail"
  }, {
    "name" : "parentSuite",
    "value" : "LifeFitness Backend Auto Tests"
  }, {
    "name" : "suite",
    "value" : "LifeFitness Backend Auto Tests"
  }, {
    "name" : "subSuite",
    "value" : "com.lifefitness.qa.api.utils.controllers.password.postupdatepassword.PostUpdatePasswordTest"
  }, {
    "name" : "host",
    "value" : "43db6e84-362a-48aa-87be-cf266c2d81a7-6z648"
  }, {
    "name" : "thread",
    "value" : "301@43db6e84-362a-48aa-87be-cf266c2d81a7-6z648.TestNG-test=LifeFitness Backend Auto Tests-4(25)"
  }, {
    "name" : "framework",
    "value" : "testng"
  }, {
    "name" : "language",
    "value" : "java"
  }, {
    "name" : "owner",
    "value" : "Dmitry Parkhomenko"
  }, {
    "name" : "resultFormat",
    "value" : "allure2"
  } ],
  "parameters" : [ ],
  "links" : [ ],
  "hidden" : false,
  "retry" : false,
  "extra" : {
    "severity" : "normal",
    "owner" : "Dmitry Parkhomenko",
    "retries" : [ {
      "uid" : "805fe0840a241b13",
      "status" : "skipped",
      "statusDetails" : "Could not get message.",
      "time" : {
        "start" : 1693224386099,
        "stop" : 1693224444186,
        "duration" : 58087
      }
    } ],
    "categories" : [ {
      "name" : "Test defects",
      "matchedStatuses" : [ ],
      "flaky" : false
    } ],
    "history" : {
      "statistic" : {
        "failed" : 4,
        "broken" : 1,
        "skipped" : 0,
        "passed" : 0,
        "unknown" : 0,
        "total" : 5
      },
      "items" : [ {
        "uid" : "879173e350da96d7",
        "status" : "failed",
        "statusDetails" : "2 expectations failed.\nExpected status code <201> but was <403>.\n\nExpected status line a string containing \"Created\" doesn't match actual status line \"HTTP/1.1 403 Forbidden\".\n",
        "time" : {
          "start" : 1693209633707,
          "stop" : 1693209635729,
          "duration" : 2022
        }
      }, {
        "uid" : "ccd5843bd721dc3a",
        "status" : "failed",
        "statusDetails" : "2 expectations failed.\nExpected status code <201> but was <504>.\n\nExpected status line a string containing \"Created\" doesn't match actual status line \"HTTP/1.1 504 Gateway Timeout\".\n",
        "time" : {
          "start" : 1692977137823,
          "stop" : 1692977262890,
          "duration" : 125067
        }
      }, {
        "uid" : "b07be5f26746c7d4",
        "status" : "failed",
        "statusDetails" : "2 expectations failed.\nExpected status code <201> but was <504>.\n\nExpected status line a string containing \"Created\" doesn't match actual status line \"HTTP/1.1 504 Gateway Timeout\".\n",
        "time" : {
          "start" : 1692974051248,
          "stop" : 1692974224364,
          "duration" : 173116
        }
      }, {
        "uid" : "86fe112b764e6bb1",
        "status" : "failed",
        "statusDetails" : "2 expectations failed.\nExpected status code <201> but was <403>.\n\nExpected status line a string containing \"Created\" doesn't match actual status line \"HTTP/1.1 403 Forbidden\".\n",
        "time" : {
          "start" : 1692970961559,
          "stop" : 1692971025743,
          "duration" : 64184
        }
      } ]
    },
    "tags" : [ ]
  },
  "source" : "fb66e88482511d34.json",
  "parameterValues" : [ ]
}