[2023-08-29 03:56:03] [24] [INFO] TEST [LifeFitness Backend Auto Tests - checkThatSuperAdminCanPutDetailsUsersForTechnicalUser] STARTED at [03:56:03 2023-08-29]
[2023-08-29 03:56:03] [24] [INFO] Getting Super Admin facilityIds
[2023-08-29 03:56:03] [24] [INFO] Getting users details expecting success
[2023-08-29 03:56:03] [24] [INFO] Request method:	GET
Request URI:	https://vtqa-halo5api1.halo.fitness/halo-core-service/api/v1/users/details?email=lifefitnesspostman%2B23126939%40gmail.com
Request params:	<none>
Query params:	email=lifefitnesspostman+23126939@gmail.com
Form params:	<none>
Path params:	<none>
Multiparts:		<none>
Cookies:		<none>
Headers:		Accept=*/*
				Authorization=Bearer null
				Content-Type=application/json; charset=UTF-8
Body:			<none>
HTTP/1.1 401 Unauthorized
X-Goog-IAP-Generated-Response: true
Date: Tue, 29 Aug 2023 03:56:03 GMT
Content-Type: text/html
Server: Google Frontend
Content-Length: 92
Via: 1.1 google
Alt-Svc: h3=":443"; ma=2592000,h3-29=":443"; ma=2592000

<html>
  <body>Invalid GCIP ID token: Expected JWT to have 3 parts separated by a '.' but there are 1 parts</body>
</html>

[2023-08-29 03:56:03] [24] [ERROR] TEST [LifeFitness Backend Auto Tests - checkThatSuperAdminCanPutDetailsUsersForTechnicalUser] FAILED at [03:56:03 2023-08-29] - Unable to get users details expecting success

com.lifefitness.qa.api.corecontrollers.user.getuserdetails.GetUserDetailsHelper.gettingUserDetailsExpectSuccess(GetUserDetailsHelper.java:22)
com.lifefitness.qa.api.utils.controllers.idpuser.getidptoken.GetTokenTest.checkThatSuperAdminCanPutDetailsUsersForTechnicalUser(GetTokenTest.java:117)
java.base/jdk.internal.reflect.NativeMethodAccessorImpl.invoke0(Native Method)
java.base/jdk.internal.reflect.NativeMethodAccessorImpl.invoke(NativeMethodAccessorImpl.java:77)
java.base/jdk.internal.reflect.DelegatingMethodAccessorImpl.invoke(DelegatingMethodAccessorImpl.java:43)
java.base/java.lang.reflect.Method.invoke(Method.java:568)
org.testng.internal.invokers.MethodInvocationHelper.invokeMethod(MethodInvocationHelper.java:139)
org.testng.internal.invokers.TestInvoker.invokeMethod(TestInvoker.java:677)
org.testng.internal.invokers.TestInvoker.retryFailed(TestInvoker.java:263)
org.testng.internal.invokers.MethodRunner.runInSequence(MethodRunner.java:62)
org.testng.internal.invokers.TestInvoker$MethodInvocationAgent.invoke(TestInvoker.java:969)
org.testng.internal.invokers.TestInvoker.invokeTestMethods(TestInvoker.java:194)
org.testng.internal.invokers.TestMethodWorker.invokeTestMethods(TestMethodWorker.java:148)
org.testng.internal.invokers.TestMethodWorker.run(TestMethodWorker.java:128)
java.base/java.util.concurrent.ThreadPoolExecutor.runWorker(ThreadPoolExecutor.java:1136)
java.base/java.util.concurrent.ThreadPoolExecutor$Worker.run(ThreadPoolExecutor.java:635)
java.base/java.lang.Thread.run(Thread.java:833)
