{
  "uid" : "2c5dae16420aeeb4",
  "name" : "Check that File field is mandatory",
  "fullName" : "com.lifefitness.qa.api.core.controllers.user.postprofilephoto.PostProfilePhotoTest.checkThatFileFieldIsMandatory",
  "historyId" : "57e01c35a5c3e2a34486f19421c55b99",
  "time" : {
    "start" : 1692782524419,
    "stop" : 1692782584526,
    "duration" : 60107
  },
  "status" : "skipped",
  "statusMessage" : "Unable to register user",
  "statusTrace" : "java.lang.RuntimeException: Unable to register user\n\tat com.lifefitness.qa.api.corecontrollers.user.postregistration.PostRegistrationHelper.registerUser(PostRegistrationHelper.java:37)\n\tat com.lifefitness.qa.api.corecontrollers.user.postregistration.PostRegistrationHelper.registerUserWithDefaultParameters(PostRegistrationHelper.java:24)\n\tat com.lifefitness.qa.api.core.controllers.user.postprofilephoto.PostProfilePhotoTest.checkThatFileFieldIsMandatory(PostProfilePhotoTest.java:79)\n\tat java.base/jdk.internal.reflect.NativeMethodAccessorImpl.invoke0(Native Method)\n\tat java.base/jdk.internal.reflect.NativeMethodAccessorImpl.invoke(NativeMethodAccessorImpl.java:77)\n\tat java.base/jdk.internal.reflect.DelegatingMethodAccessorImpl.invoke(DelegatingMethodAccessorImpl.java:43)\n\tat java.base/java.lang.reflect.Method.invoke(Method.java:568)\n\tat org.testng.internal.invokers.MethodInvocationHelper.invokeMethod(MethodInvocationHelper.java:139)\n\tat org.testng.internal.invokers.TestInvoker.invokeMethod(TestInvoker.java:677)\n\tat org.testng.internal.invokers.TestInvoker.invokeTestMethod(TestInvoker.java:221)\n\tat org.testng.internal.invokers.MethodRunner.runInSequence(MethodRunner.java:50)\n\tat org.testng.internal.invokers.TestInvoker$MethodInvocationAgent.invoke(TestInvoker.java:969)\n\tat org.testng.internal.invokers.TestInvoker.invokeTestMethods(TestInvoker.java:194)\n\tat org.testng.internal.invokers.TestMethodWorker.invokeTestMethods(TestMethodWorker.java:148)\n\tat org.testng.internal.invokers.TestMethodWorker.run(TestMethodWorker.java:128)\n\tat java.base/java.util.concurrent.ThreadPoolExecutor.runWorker(ThreadPoolExecutor.java:1136)\n\tat java.base/java.util.concurrent.ThreadPoolExecutor$Worker.run(ThreadPoolExecutor.java:635)\n\tat java.base/java.lang.Thread.run(Thread.java:833)\nCaused by: com.fasterxml.jackson.databind.exc.MismatchedInputException: No content to map due to end-of-input\n at [Source: (String)\"\"; line: 1, column: 0]\n\tat com.fasterxml.jackson.databind.exc.MismatchedInputException.from(MismatchedInputException.java:59)\n\tat com.fasterxml.jackson.databind.ObjectMapper._initForReading(ObjectMapper.java:4821)\n\tat com.fasterxml.jackson.databind.ObjectMapper._readMapAndClose(ObjectMapper.java:4723)\n\tat com.fasterxml.jackson.databind.ObjectMapper.readValue(ObjectMapper.java:3677)\n\tat com.fasterxml.jackson.databind.ObjectMapper.readValue(ObjectMapper.java:3645)\n\tat com.lifefitness.qa.api.corecontrollers.user.postregistration.PostRegistrationHelper.registerUser(PostRegistrationHelper.java:35)\n\t... 17 more\n",
  "flaky" : false,
  "newFailed" : false,
  "beforeStages" : [ {
    "name" : "executeBeforeTestSuite",
    "time" : {
      "start" : 1692780351746,
      "stop" : 1692780351987,
      "duration" : 241
    },
    "description" : "",
    "status" : "passed",
    "steps" : [ ],
    "attachments" : [ ],
    "parameters" : [ ],
    "stepsCount" : 0,
    "attachmentsCount" : 0,
    "shouldDisplayMessage" : false,
    "hasContent" : false
  } ],
  "afterStages" : [ {
    "name" : "onCarinaAfterMethod",
    "time" : {
      "start" : 1692782584528,
      "stop" : 1692782584528,
      "duration" : 0
    },
    "description" : "",
    "status" : "passed",
    "steps" : [ ],
    "attachments" : [ ],
    "parameters" : [ ],
    "stepsCount" : 0,
    "attachmentsCount" : 0,
    "shouldDisplayMessage" : false,
    "hasContent" : false
  }, {
    "name" : "addTestLog",
    "time" : {
      "start" : 1692782584528,
      "stop" : 1692782584528,
      "duration" : 0
    },
    "description" : "",
    "status" : "passed",
    "steps" : [ ],
    "attachments" : [ {
      "uid" : "e9813561b16bf313",
      "name" : "Test log",
      "source" : "e9813561b16bf313.txt",
      "type" : "text/plain",
      "size" : 5836
    } ],
    "parameters" : [ ],
    "stepsCount" : 0,
    "attachmentsCount" : 1,
    "shouldDisplayMessage" : false,
    "hasContent" : true
  }, {
    "name" : "deleteAllEmails",
    "time" : {
      "start" : 1692784570913,
      "stop" : 1692784572482,
      "duration" : 1569
    },
    "description" : "",
    "status" : "passed",
    "steps" : [ ],
    "attachments" : [ ],
    "parameters" : [ ],
    "stepsCount" : 0,
    "attachmentsCount" : 0,
    "shouldDisplayMessage" : false,
    "hasContent" : false
  } ],
  "labels" : [ {
    "name" : "package",
    "value" : "com.lifefitness.qa.api.core.controllers.user.postprofilephoto.PostProfilePhotoTest"
  }, {
    "name" : "testClass",
    "value" : "com.lifefitness.qa.api.core.controllers.user.postprofilephoto.PostProfilePhotoTest"
  }, {
    "name" : "testMethod",
    "value" : "checkThatFileFieldIsMandatory"
  }, {
    "name" : "parentSuite",
    "value" : "LifeFitness Backend Auto Tests"
  }, {
    "name" : "suite",
    "value" : "LifeFitness Backend Auto Tests"
  }, {
    "name" : "subSuite",
    "value" : "com.lifefitness.qa.api.core.controllers.user.postprofilephoto.PostProfilePhotoTest"
  }, {
    "name" : "host",
    "value" : "1149c575-1a26-494b-af7e-6ed18c55d35d-whqk2"
  }, {
    "name" : "thread",
    "value" : "299@1149c575-1a26-494b-af7e-6ed18c55d35d-whqk2.TestNG-test=LifeFitness Backend Auto Tests-4(25)"
  }, {
    "name" : "framework",
    "value" : "testng"
  }, {
    "name" : "language",
    "value" : "java"
  }, {
    "name" : "owner",
    "value" : "Valeria Sorokina"
  }, {
    "name" : "resultFormat",
    "value" : "allure2"
  } ],
  "parameters" : [ ],
  "links" : [ {
    "name" : "HPB-6877",
    "url" : "https://lfagile.atlassian.net/browse/HPB-6877",
    "type" : "issue"
  } ],
  "hidden" : true,
  "retry" : true,
  "extra" : {
    "categories" : [ ],
    "tags" : [ ]
  },
  "source" : "2c5dae16420aeeb4.json",
  "parameterValues" : [ ]
}