{
  "uid" : "4c9afa7068700c87",
  "name" : "Check that First name is mandatory",
  "fullName" : "com.lifefitness.qa.api.core.controllers.user.putusersprofile.PutUsersProfileTest.checkThatFirstNameFieldIsMandatory",
  "historyId" : "71e177fd844a7f93d0331c6fefae62bf",
  "time" : {
    "start" : 1692862162846,
    "stop" : 1692862162986,
    "duration" : 140
  },
  "status" : "broken",
  "statusMessage" : "Unable to register user",
  "statusTrace" : "java.lang.RuntimeException: Unable to register user\n\tat com.lifefitness.qa.api.corecontrollers.user.postregistration.PostRegistrationHelper.registerUser(PostRegistrationHelper.java:37)\n\tat com.lifefitness.qa.api.corecontrollers.user.postregistration.PostRegistrationHelper.registerUserWithDefaultParameters(PostRegistrationHelper.java:24)\n\tat com.lifefitness.qa.api.core.controllers.user.putusersprofile.PutUsersProfileTest.checkThatFirstNameFieldIsMandatory(PutUsersProfileTest.java:70)\n\tat java.base/jdk.internal.reflect.NativeMethodAccessorImpl.invoke0(Native Method)\n\tat java.base/jdk.internal.reflect.NativeMethodAccessorImpl.invoke(NativeMethodAccessorImpl.java:77)\n\tat java.base/jdk.internal.reflect.DelegatingMethodAccessorImpl.invoke(DelegatingMethodAccessorImpl.java:43)\n\tat java.base/java.lang.reflect.Method.invoke(Method.java:568)\n\tat org.testng.internal.invokers.MethodInvocationHelper.invokeMethod(MethodInvocationHelper.java:139)\n\tat org.testng.internal.invokers.TestInvoker.invokeMethod(TestInvoker.java:677)\n\tat org.testng.internal.invokers.TestInvoker.retryFailed(TestInvoker.java:263)\n\tat org.testng.internal.invokers.MethodRunner.runInSequence(MethodRunner.java:62)\n\tat org.testng.internal.invokers.TestInvoker$MethodInvocationAgent.invoke(TestInvoker.java:969)\n\tat org.testng.internal.invokers.TestInvoker.invokeTestMethods(TestInvoker.java:194)\n\tat org.testng.internal.invokers.TestMethodWorker.invokeTestMethods(TestMethodWorker.java:148)\n\tat org.testng.internal.invokers.TestMethodWorker.run(TestMethodWorker.java:128)\n\tat java.base/java.util.concurrent.ThreadPoolExecutor.runWorker(ThreadPoolExecutor.java:1136)\n\tat java.base/java.util.concurrent.ThreadPoolExecutor$Worker.run(ThreadPoolExecutor.java:635)\n\tat java.base/java.lang.Thread.run(Thread.java:833)\nCaused by: com.fasterxml.jackson.databind.exc.MismatchedInputException: No content to map due to end-of-input\n at [Source: (String)\"\"; line: 1, column: 0]\n\tat com.fasterxml.jackson.databind.exc.MismatchedInputException.from(MismatchedInputException.java:59)\n\tat com.fasterxml.jackson.databind.ObjectMapper._initForReading(ObjectMapper.java:4821)\n\tat com.fasterxml.jackson.databind.ObjectMapper._readMapAndClose(ObjectMapper.java:4723)\n\tat com.fasterxml.jackson.databind.ObjectMapper.readValue(ObjectMapper.java:3677)\n\tat com.fasterxml.jackson.databind.ObjectMapper.readValue(ObjectMapper.java:3645)\n\tat com.lifefitness.qa.api.corecontrollers.user.postregistration.PostRegistrationHelper.registerUser(PostRegistrationHelper.java:35)\n\t... 17 more\n",
  "flaky" : false,
  "newFailed" : false,
  "beforeStages" : [ {
    "name" : "executeBeforeTestSuite",
    "time" : {
      "start" : 1692862102945,
      "stop" : 1692862103308,
      "duration" : 363
    },
    "description" : "",
    "status" : "passed",
    "steps" : [ ],
    "attachments" : [ ],
    "parameters" : [ ],
    "stepsCount" : 0,
    "attachmentsCount" : 0,
    "shouldDisplayMessage" : false,
    "hasContent" : false
  } ],
  "afterStages" : [ {
    "name" : "addTestLog",
    "time" : {
      "start" : 1692862162987,
      "stop" : 1692862163004,
      "duration" : 17
    },
    "description" : "",
    "status" : "passed",
    "steps" : [ ],
    "attachments" : [ {
      "uid" : "678089a4e7d9d9aa",
      "name" : "Test log",
      "source" : "678089a4e7d9d9aa.txt",
      "type" : "text/plain",
      "size" : 5560
    } ],
    "parameters" : [ ],
    "stepsCount" : 0,
    "attachmentsCount" : 1,
    "shouldDisplayMessage" : false,
    "hasContent" : true
  }, {
    "name" : "onCarinaAfterMethod",
    "time" : {
      "start" : 1692862163005,
      "stop" : 1692862163005,
      "duration" : 0
    },
    "description" : "",
    "status" : "passed",
    "steps" : [ ],
    "attachments" : [ ],
    "parameters" : [ ],
    "stepsCount" : 0,
    "attachmentsCount" : 0,
    "shouldDisplayMessage" : false,
    "hasContent" : false
  }, {
    "name" : "deleteAllEmails",
    "time" : {
      "start" : 1692862179444,
      "stop" : 1692862180243,
      "duration" : 799
    },
    "description" : "",
    "status" : "passed",
    "steps" : [ ],
    "attachments" : [ ],
    "parameters" : [ ],
    "stepsCount" : 0,
    "attachmentsCount" : 0,
    "shouldDisplayMessage" : false,
    "hasContent" : false
  } ],
  "labels" : [ {
    "name" : "package",
    "value" : "com.lifefitness.qa.api.core.controllers.user.putusersprofile.PutUsersProfileTest"
  }, {
    "name" : "testClass",
    "value" : "com.lifefitness.qa.api.core.controllers.user.putusersprofile.PutUsersProfileTest"
  }, {
    "name" : "testMethod",
    "value" : "checkThatFirstNameFieldIsMandatory"
  }, {
    "name" : "parentSuite",
    "value" : "LifeFitness Backend Auto Tests"
  }, {
    "name" : "suite",
    "value" : "LifeFitness Backend Auto Tests"
  }, {
    "name" : "subSuite",
    "value" : "com.lifefitness.qa.api.core.controllers.user.putusersprofile.PutUsersProfileTest"
  }, {
    "name" : "host",
    "value" : "59d51b3a-19d1-42f4-aa11-97fa0a551843-67qv7"
  }, {
    "name" : "thread",
    "value" : "297@59d51b3a-19d1-42f4-aa11-97fa0a551843-67qv7.TestNG-test=LifeFitness Backend Auto Tests-4(25)"
  }, {
    "name" : "framework",
    "value" : "testng"
  }, {
    "name" : "language",
    "value" : "java"
  }, {
    "name" : "owner",
    "value" : "Valeria Sorokina"
  }, {
    "name" : "resultFormat",
    "value" : "allure2"
  } ],
  "parameters" : [ ],
  "links" : [ {
    "name" : "HPB-6876",
    "url" : "https://lfagile.atlassian.net/browse/HPB-6876",
    "type" : "issue"
  } ],
  "hidden" : false,
  "retry" : false,
  "extra" : {
    "severity" : "normal",
    "owner" : "Valeria Sorokina",
    "retries" : [ {
      "uid" : "aab6a22010fa3795",
      "status" : "skipped",
      "statusDetails" : "Unable to register user",
      "time" : {
        "start" : 1692862162677,
        "stop" : 1692862162843,
        "duration" : 166
      }
    } ],
    "categories" : [ {
      "name" : "Test defects",
      "matchedStatuses" : [ ],
      "flaky" : false
    } ],
    "tags" : [ ]
  },
  "source" : "4c9afa7068700c87.json",
  "parameterValues" : [ ]
}