{
  "uid" : "67a1a7fa7b288b49",
  "name" : "Check facilities grid sorting by Facility Users desc",
  "fullName" : "com.lifefitness.qa.api.core.controllers.user.getfacilitiesgrid.GetFacilitiesGridTest.checkFacilitiesGridSortingByFacilityUsersDesc",
  "historyId" : "325a1ba67ae0d918f00e24ef5234af2c",
  "time" : {
    "start" : 1692780890107,
    "stop" : 1692780950201,
    "duration" : 60094
  },
  "status" : "broken",
  "statusMessage" : "Unable to register user",
  "statusTrace" : "java.lang.RuntimeException: Unable to register user\n\tat com.lifefitness.qa.api.corecontrollers.user.postregistration.PostRegistrationHelper.registerUser(PostRegistrationHelper.java:37)\n\tat com.lifefitness.qa.api.corecontrollers.user.postregistration.PostRegistrationHelper.registerUserWithDefaultParameters(PostRegistrationHelper.java:24)\n\tat com.lifefitness.qa.api.core.controllers.user.getfacilitiesgrid.GetFacilitiesGridTest.checkFacilitiesGridSortingByFacilityUsersDesc(GetFacilitiesGridTest.java:152)\n\tat java.base/jdk.internal.reflect.NativeMethodAccessorImpl.invoke0(Native Method)\n\tat java.base/jdk.internal.reflect.NativeMethodAccessorImpl.invoke(NativeMethodAccessorImpl.java:77)\n\tat java.base/jdk.internal.reflect.DelegatingMethodAccessorImpl.invoke(DelegatingMethodAccessorImpl.java:43)\n\tat java.base/java.lang.reflect.Method.invoke(Method.java:568)\n\tat org.testng.internal.invokers.MethodInvocationHelper.invokeMethod(MethodInvocationHelper.java:139)\n\tat org.testng.internal.invokers.TestInvoker.invokeMethod(TestInvoker.java:677)\n\tat org.testng.internal.invokers.TestInvoker.retryFailed(TestInvoker.java:263)\n\tat org.testng.internal.invokers.MethodRunner.runInSequence(MethodRunner.java:62)\n\tat org.testng.internal.invokers.TestInvoker$MethodInvocationAgent.invoke(TestInvoker.java:969)\n\tat org.testng.internal.invokers.TestInvoker.invokeTestMethods(TestInvoker.java:194)\n\tat org.testng.internal.invokers.TestMethodWorker.invokeTestMethods(TestMethodWorker.java:148)\n\tat org.testng.internal.invokers.TestMethodWorker.run(TestMethodWorker.java:128)\n\tat java.base/java.util.concurrent.ThreadPoolExecutor.runWorker(ThreadPoolExecutor.java:1136)\n\tat java.base/java.util.concurrent.ThreadPoolExecutor$Worker.run(ThreadPoolExecutor.java:635)\n\tat java.base/java.lang.Thread.run(Thread.java:833)\nCaused by: com.fasterxml.jackson.databind.exc.MismatchedInputException: No content to map due to end-of-input\n at [Source: (String)\"\"; line: 1, column: 0]\n\tat com.fasterxml.jackson.databind.exc.MismatchedInputException.from(MismatchedInputException.java:59)\n\tat com.fasterxml.jackson.databind.ObjectMapper._initForReading(ObjectMapper.java:4821)\n\tat com.fasterxml.jackson.databind.ObjectMapper._readMapAndClose(ObjectMapper.java:4723)\n\tat com.fasterxml.jackson.databind.ObjectMapper.readValue(ObjectMapper.java:3677)\n\tat com.fasterxml.jackson.databind.ObjectMapper.readValue(ObjectMapper.java:3645)\n\tat com.lifefitness.qa.api.corecontrollers.user.postregistration.PostRegistrationHelper.registerUser(PostRegistrationHelper.java:35)\n\t... 17 more\n",
  "flaky" : false,
  "newFailed" : false,
  "beforeStages" : [ {
    "name" : "executeBeforeTestSuite",
    "time" : {
      "start" : 1692780351746,
      "stop" : 1692780351987,
      "duration" : 241
    },
    "description" : "",
    "status" : "passed",
    "steps" : [ ],
    "attachments" : [ ],
    "parameters" : [ ],
    "stepsCount" : 0,
    "attachmentsCount" : 0,
    "shouldDisplayMessage" : false,
    "hasContent" : false
  } ],
  "afterStages" : [ {
    "name" : "onCarinaAfterMethod",
    "time" : {
      "start" : 1692780950208,
      "stop" : 1692780950208,
      "duration" : 0
    },
    "description" : "",
    "status" : "passed",
    "steps" : [ ],
    "attachments" : [ ],
    "parameters" : [ ],
    "stepsCount" : 0,
    "attachmentsCount" : 0,
    "shouldDisplayMessage" : false,
    "hasContent" : false
  }, {
    "name" : "addTestLog",
    "time" : {
      "start" : 1692780950204,
      "stop" : 1692780950207,
      "duration" : 3
    },
    "description" : "",
    "status" : "passed",
    "steps" : [ ],
    "attachments" : [ {
      "uid" : "7003a532e4bec983",
      "name" : "Test log",
      "source" : "7003a532e4bec983.txt",
      "type" : "text/plain",
      "size" : 19674
    } ],
    "parameters" : [ ],
    "stepsCount" : 0,
    "attachmentsCount" : 1,
    "shouldDisplayMessage" : false,
    "hasContent" : true
  }, {
    "name" : "deleteAllEmails",
    "time" : {
      "start" : 1692784570913,
      "stop" : 1692784572482,
      "duration" : 1569
    },
    "description" : "",
    "status" : "passed",
    "steps" : [ ],
    "attachments" : [ ],
    "parameters" : [ ],
    "stepsCount" : 0,
    "attachmentsCount" : 0,
    "shouldDisplayMessage" : false,
    "hasContent" : false
  } ],
  "labels" : [ {
    "name" : "package",
    "value" : "com.lifefitness.qa.api.core.controllers.user.getfacilitiesgrid.GetFacilitiesGridTest"
  }, {
    "name" : "testClass",
    "value" : "com.lifefitness.qa.api.core.controllers.user.getfacilitiesgrid.GetFacilitiesGridTest"
  }, {
    "name" : "testMethod",
    "value" : "checkFacilitiesGridSortingByFacilityUsersDesc"
  }, {
    "name" : "parentSuite",
    "value" : "LifeFitness Backend Auto Tests"
  }, {
    "name" : "suite",
    "value" : "LifeFitness Backend Auto Tests"
  }, {
    "name" : "subSuite",
    "value" : "com.lifefitness.qa.api.core.controllers.user.getfacilitiesgrid.GetFacilitiesGridTest"
  }, {
    "name" : "host",
    "value" : "1149c575-1a26-494b-af7e-6ed18c55d35d-whqk2"
  }, {
    "name" : "thread",
    "value" : "299@1149c575-1a26-494b-af7e-6ed18c55d35d-whqk2.TestNG-test=LifeFitness Backend Auto Tests-3(24)"
  }, {
    "name" : "framework",
    "value" : "testng"
  }, {
    "name" : "language",
    "value" : "java"
  }, {
    "name" : "owner",
    "value" : "Valeria Sorokina"
  }, {
    "name" : "resultFormat",
    "value" : "allure2"
  } ],
  "parameters" : [ ],
  "links" : [ {
    "name" : "HPB-6933",
    "url" : "https://lfagile.atlassian.net/browse/HPB-6933",
    "type" : "issue"
  }, {
    "name" : "HPB-7467",
    "url" : "https://lfagile.atlassian.net/browse/HPB-7467",
    "type" : "issue"
  } ],
  "hidden" : false,
  "retry" : false,
  "extra" : {
    "severity" : "normal",
    "owner" : "Valeria Sorokina",
    "retries" : [ {
      "uid" : "8ad3ec86a4172d25",
      "status" : "skipped",
      "statusDetails" : "2 expectations failed.\nExpected status code <201> but was <401>.\n\nExpected status line a string containing \"Created\" doesn't match actual status line \"HTTP/1.1 401 Unauthorized\".\n",
      "time" : {
        "start" : 1692780816598,
        "stop" : 1692780890102,
        "duration" : 73504
      }
    } ],
    "categories" : [ {
      "name" : "Test defects",
      "matchedStatuses" : [ ],
      "flaky" : false
    } ],
    "tags" : [ ]
  },
  "source" : "67a1a7fa7b288b49.json",
  "parameterValues" : [ ]
}