{
  "uid" : "918eca5bec3e5c4e",
  "name" : "Check that encodedPassword field expects encoded password",
  "fullName" : "com.lifefitness.qa.api.core.controllers.user.putusersprofile.PutUsersProfileTest.checkThatEncodedPasswordFieldExpectsEncodedPassword",
  "historyId" : "fb9c1694074c95b4e83ede91ccbf581e",
  "time" : {
    "start" : 1692389340371,
    "stop" : 1692389342398,
    "duration" : 2027
  },
  "status" : "broken",
  "statusMessage" : "Unable to update users profile",
  "statusTrace" : "java.lang.RuntimeException: Unable to update users profile\n\tat com.lifefitness.qa.api.corecontrollers.user.putusersprofile.PutUsersProfileHelper.putUsersProfileExpectFailure(PutUsersProfileHelper.java:41)\n\tat com.lifefitness.qa.api.core.controllers.user.putusersprofile.PutUsersProfileTest.checkThatEncodedPasswordFieldExpectsEncodedPassword(PutUsersProfileTest.java:320)\n\tat java.base/jdk.internal.reflect.NativeMethodAccessorImpl.invoke0(Native Method)\n\tat java.base/jdk.internal.reflect.NativeMethodAccessorImpl.invoke(NativeMethodAccessorImpl.java:77)\n\tat java.base/jdk.internal.reflect.DelegatingMethodAccessorImpl.invoke(DelegatingMethodAccessorImpl.java:43)\n\tat java.base/java.lang.reflect.Method.invoke(Method.java:568)\n\tat org.testng.internal.invokers.MethodInvocationHelper.invokeMethod(MethodInvocationHelper.java:139)\n\tat org.testng.internal.invokers.TestInvoker.invokeMethod(TestInvoker.java:677)\n\tat org.testng.internal.invokers.TestInvoker.retryFailed(TestInvoker.java:263)\n\tat org.testng.internal.invokers.MethodRunner.runInSequence(MethodRunner.java:62)\n\tat org.testng.internal.invokers.TestInvoker$MethodInvocationAgent.invoke(TestInvoker.java:969)\n\tat org.testng.internal.invokers.TestInvoker.invokeTestMethods(TestInvoker.java:194)\n\tat org.testng.internal.invokers.TestMethodWorker.invokeTestMethods(TestMethodWorker.java:148)\n\tat org.testng.internal.invokers.TestMethodWorker.run(TestMethodWorker.java:128)\n\tat java.base/java.util.concurrent.ThreadPoolExecutor.runWorker(ThreadPoolExecutor.java:1136)\n\tat java.base/java.util.concurrent.ThreadPoolExecutor$Worker.run(ThreadPoolExecutor.java:635)\n\tat java.base/java.lang.Thread.run(Thread.java:833)\nCaused by: com.fasterxml.jackson.core.JsonParseException: Unrecognized token 'Invalid': was expecting (JSON String, Number, Array, Object or token 'null', 'true' or 'false')\n at [Source: (String)\"Invalid GCIP ID token: Expected JWT to have 3 parts separated by a '.' but there are 1 parts\"; line: 1, column: 8]\n\tat com.fasterxml.jackson.core.JsonParser._constructError(JsonParser.java:2418)\n\tat com.fasterxml.jackson.core.base.ParserMinimalBase._reportError(ParserMinimalBase.java:759)\n\tat com.fasterxml.jackson.core.json.ReaderBasedJsonParser._reportInvalidToken(ReaderBasedJsonParser.java:3038)\n\tat com.fasterxml.jackson.core.json.ReaderBasedJsonParser._reportInvalidToken(ReaderBasedJsonParser.java:3016)\n\tat com.fasterxml.jackson.core.json.ReaderBasedJsonParser._matchToken(ReaderBasedJsonParser.java:2790)\n\tat com.fasterxml.jackson.core.json.ReaderBasedJsonParser._handleOddValue(ReaderBasedJsonParser.java:2063)\n\tat com.fasterxml.jackson.core.json.ReaderBasedJsonParser.nextToken(ReaderBasedJsonParser.java:805)\n\tat com.fasterxml.jackson.databind.ObjectMapper._initForReading(ObjectMapper.java:4817)\n\tat com.fasterxml.jackson.databind.ObjectMapper._readMapAndClose(ObjectMapper.java:4723)\n\tat com.fasterxml.jackson.databind.ObjectMapper.readValue(ObjectMapper.java:3677)\n\tat com.fasterxml.jackson.databind.ObjectMapper.readValue(ObjectMapper.java:3645)\n\tat com.lifefitness.qa.api.corecontrollers.user.putusersprofile.PutUsersProfileHelper.putUsersProfileExpectFailure(PutUsersProfileHelper.java:39)\n\t... 16 more\n",
  "flaky" : false,
  "newFailed" : false,
  "beforeStages" : [ {
    "name" : "executeBeforeTestSuite",
    "time" : {
      "start" : 1692388940399,
      "stop" : 1692388940735,
      "duration" : 336
    },
    "description" : "",
    "status" : "passed",
    "steps" : [ ],
    "attachments" : [ ],
    "parameters" : [ ],
    "stepsCount" : 0,
    "attachmentsCount" : 0,
    "shouldDisplayMessage" : false,
    "hasContent" : false
  } ],
  "afterStages" : [ {
    "name" : "onCarinaAfterMethod",
    "time" : {
      "start" : 1692389342426,
      "stop" : 1692389342426,
      "duration" : 0
    },
    "description" : "",
    "status" : "passed",
    "steps" : [ ],
    "attachments" : [ ],
    "parameters" : [ ],
    "stepsCount" : 0,
    "attachmentsCount" : 0,
    "shouldDisplayMessage" : false,
    "hasContent" : false
  }, {
    "name" : "addTestLog",
    "time" : {
      "start" : 1692389342400,
      "stop" : 1692389342426,
      "duration" : 26
    },
    "description" : "",
    "status" : "passed",
    "steps" : [ ],
    "attachments" : [ {
      "uid" : "7dc0b5c395f713f5",
      "name" : "Test log",
      "source" : "7dc0b5c395f713f5.txt",
      "type" : "text/plain",
      "size" : 11781
    } ],
    "parameters" : [ ],
    "stepsCount" : 0,
    "attachmentsCount" : 1,
    "shouldDisplayMessage" : false,
    "hasContent" : true
  }, {
    "name" : "deleteAllEmails",
    "time" : {
      "start" : 1692389370506,
      "stop" : 1692389372068,
      "duration" : 1562
    },
    "description" : "",
    "status" : "passed",
    "steps" : [ ],
    "attachments" : [ ],
    "parameters" : [ ],
    "stepsCount" : 0,
    "attachmentsCount" : 0,
    "shouldDisplayMessage" : false,
    "hasContent" : false
  } ],
  "labels" : [ {
    "name" : "package",
    "value" : "com.lifefitness.qa.api.core.controllers.user.putusersprofile.PutUsersProfileTest"
  }, {
    "name" : "testClass",
    "value" : "com.lifefitness.qa.api.core.controllers.user.putusersprofile.PutUsersProfileTest"
  }, {
    "name" : "testMethod",
    "value" : "checkThatEncodedPasswordFieldExpectsEncodedPassword"
  }, {
    "name" : "parentSuite",
    "value" : "LifeFitness Backend Auto Tests"
  }, {
    "name" : "suite",
    "value" : "LifeFitness Backend Auto Tests"
  }, {
    "name" : "subSuite",
    "value" : "com.lifefitness.qa.api.core.controllers.user.putusersprofile.PutUsersProfileTest"
  }, {
    "name" : "host",
    "value" : "bbefe573-9306-4e5d-9687-8f158fdeac0c-b7xsp"
  }, {
    "name" : "thread",
    "value" : "298@bbefe573-9306-4e5d-9687-8f158fdeac0c-b7xsp.TestNG-test=LifeFitness Backend Auto Tests-2(23)"
  }, {
    "name" : "framework",
    "value" : "testng"
  }, {
    "name" : "language",
    "value" : "java"
  }, {
    "name" : "owner",
    "value" : "Valeria Sorokina"
  }, {
    "name" : "resultFormat",
    "value" : "allure2"
  } ],
  "parameters" : [ ],
  "links" : [ {
    "name" : "HPB-6876",
    "url" : "https://lfagile.atlassian.net/browse/HPB-6876",
    "type" : "issue"
  }, {
    "name" : "HPB-7420",
    "url" : "https://lfagile.atlassian.net/browse/HPB-7420",
    "type" : "issue"
  } ],
  "hidden" : false,
  "retry" : false,
  "extra" : {
    "severity" : "normal",
    "owner" : "Valeria Sorokina",
    "retries" : [ {
      "uid" : "ad5acb4c295de307",
      "status" : "skipped",
      "statusDetails" : "Unable to update users profile",
      "time" : {
        "start" : 1692389338059,
        "stop" : 1692389340367,
        "duration" : 2308
      }
    } ],
    "categories" : [ {
      "name" : "Test defects",
      "matchedStatuses" : [ ],
      "flaky" : false
    } ],
    "tags" : [ ]
  },
  "source" : "918eca5bec3e5c4e.json",
  "parameterValues" : [ ]
}