{
  "uid" : "91b6101a0e022674",
  "name" : "Check sending invitation with non existing user id",
  "fullName" : "com.lifefitness.qa.api.core.controllers.user.postinvitation.PostInvitationTest.checkSendingInvitationWithNonExistingUserId",
  "historyId" : "6124c2298c0090939895c2d5a7b63abf",
  "time" : {
    "start" : 1692778119022,
    "stop" : 1692778179111,
    "duration" : 60089
  },
  "status" : "broken",
  "statusMessage" : "Unable to send api call",
  "statusTrace" : "java.lang.RuntimeException: Unable to send api call\n\tat com.lifefitness.qa.api.corecontrollers.user.postinvitation.PostInvitationHelper.sendingInvitationExpectingFailure(PostInvitationHelper.java:23)\n\tat com.lifefitness.qa.api.core.controllers.user.postinvitation.PostInvitationTest.checkSendingInvitationWithNonExistingUserId(PostInvitationTest.java:105)\n\tat java.base/jdk.internal.reflect.NativeMethodAccessorImpl.invoke0(Native Method)\n\tat java.base/jdk.internal.reflect.NativeMethodAccessorImpl.invoke(NativeMethodAccessorImpl.java:77)\n\tat java.base/jdk.internal.reflect.DelegatingMethodAccessorImpl.invoke(DelegatingMethodAccessorImpl.java:43)\n\tat java.base/java.lang.reflect.Method.invoke(Method.java:568)\n\tat org.testng.internal.invokers.MethodInvocationHelper.invokeMethod(MethodInvocationHelper.java:139)\n\tat org.testng.internal.invokers.TestInvoker.invokeMethod(TestInvoker.java:677)\n\tat org.testng.internal.invokers.TestInvoker.retryFailed(TestInvoker.java:263)\n\tat org.testng.internal.invokers.MethodRunner.runInSequence(MethodRunner.java:62)\n\tat org.testng.internal.invokers.TestInvoker$MethodInvocationAgent.invoke(TestInvoker.java:969)\n\tat org.testng.internal.invokers.TestInvoker.invokeTestMethods(TestInvoker.java:194)\n\tat org.testng.internal.invokers.TestMethodWorker.invokeTestMethods(TestMethodWorker.java:148)\n\tat org.testng.internal.invokers.TestMethodWorker.run(TestMethodWorker.java:128)\n\tat java.base/java.util.concurrent.ThreadPoolExecutor.runWorker(ThreadPoolExecutor.java:1136)\n\tat java.base/java.util.concurrent.ThreadPoolExecutor$Worker.run(ThreadPoolExecutor.java:635)\n\tat java.base/java.lang.Thread.run(Thread.java:833)\nCaused by: com.fasterxml.jackson.databind.exc.MismatchedInputException: No content to map due to end-of-input\n at [Source: (String)\"\"; line: 1, column: 0]\n\tat com.fasterxml.jackson.databind.exc.MismatchedInputException.from(MismatchedInputException.java:59)\n\tat com.fasterxml.jackson.databind.ObjectMapper._initForReading(ObjectMapper.java:4821)\n\tat com.fasterxml.jackson.databind.ObjectMapper._readMapAndClose(ObjectMapper.java:4723)\n\tat com.fasterxml.jackson.databind.ObjectMapper.readValue(ObjectMapper.java:3677)\n\tat com.fasterxml.jackson.databind.ObjectMapper.readValue(ObjectMapper.java:3645)\n\tat com.lifefitness.qa.api.corecontrollers.user.postinvitation.PostInvitationHelper.sendingInvitationExpectingFailure(PostInvitationHelper.java:21)\n\t... 16 more\n",
  "flaky" : false,
  "newFailed" : false,
  "beforeStages" : [ {
    "name" : "executeBeforeTestSuite",
    "time" : {
      "start" : 1692775695555,
      "stop" : 1692775695800,
      "duration" : 245
    },
    "description" : "",
    "status" : "passed",
    "steps" : [ ],
    "attachments" : [ ],
    "parameters" : [ ],
    "stepsCount" : 0,
    "attachmentsCount" : 0,
    "shouldDisplayMessage" : false,
    "hasContent" : false
  } ],
  "afterStages" : [ {
    "name" : "addTestLog",
    "time" : {
      "start" : 1692778179113,
      "stop" : 1692778179120,
      "duration" : 7
    },
    "description" : "",
    "status" : "passed",
    "steps" : [ ],
    "attachments" : [ {
      "uid" : "17af44c8f142fdae",
      "name" : "Test log",
      "source" : "17af44c8f142fdae.txt",
      "type" : "text/plain",
      "size" : 4179
    } ],
    "parameters" : [ ],
    "stepsCount" : 0,
    "attachmentsCount" : 1,
    "shouldDisplayMessage" : false,
    "hasContent" : true
  }, {
    "name" : "onCarinaAfterMethod",
    "time" : {
      "start" : 1692778179120,
      "stop" : 1692778179120,
      "duration" : 0
    },
    "description" : "",
    "status" : "passed",
    "steps" : [ ],
    "attachments" : [ ],
    "parameters" : [ ],
    "stepsCount" : 0,
    "attachmentsCount" : 0,
    "shouldDisplayMessage" : false,
    "hasContent" : false
  }, {
    "name" : "deleteAllEmails",
    "time" : {
      "start" : 1692779905894,
      "stop" : 1692779906267,
      "duration" : 373
    },
    "description" : "",
    "status" : "passed",
    "steps" : [ ],
    "attachments" : [ ],
    "parameters" : [ ],
    "stepsCount" : 0,
    "attachmentsCount" : 0,
    "shouldDisplayMessage" : false,
    "hasContent" : false
  } ],
  "labels" : [ {
    "name" : "package",
    "value" : "com.lifefitness.qa.api.core.controllers.user.postinvitation.PostInvitationTest"
  }, {
    "name" : "testClass",
    "value" : "com.lifefitness.qa.api.core.controllers.user.postinvitation.PostInvitationTest"
  }, {
    "name" : "testMethod",
    "value" : "checkSendingInvitationWithNonExistingUserId"
  }, {
    "name" : "parentSuite",
    "value" : "LifeFitness Backend Auto Tests"
  }, {
    "name" : "suite",
    "value" : "LifeFitness Backend Auto Tests"
  }, {
    "name" : "subSuite",
    "value" : "com.lifefitness.qa.api.core.controllers.user.postinvitation.PostInvitationTest"
  }, {
    "name" : "host",
    "value" : "84cd478d-9a19-4393-aa9b-8fbb89b5e9e1-ttklg"
  }, {
    "name" : "thread",
    "value" : "302@84cd478d-9a19-4393-aa9b-8fbb89b5e9e1-ttklg.TestNG-test=LifeFitness Backend Auto Tests-3(24)"
  }, {
    "name" : "framework",
    "value" : "testng"
  }, {
    "name" : "language",
    "value" : "java"
  }, {
    "name" : "owner",
    "value" : "Dmitry Parkhomenko"
  }, {
    "name" : "resultFormat",
    "value" : "allure2"
  } ],
  "parameters" : [ ],
  "links" : [ {
    "name" : "HPB-6916",
    "url" : "https://lfagile.atlassian.net/browse/HPB-6916",
    "type" : "issue"
  } ],
  "hidden" : false,
  "retry" : false,
  "extra" : {
    "severity" : "normal",
    "owner" : "Dmitry Parkhomenko",
    "retries" : [ {
      "uid" : "373f9a8539ed4f5d",
      "status" : "skipped",
      "statusDetails" : "Unable to send api call",
      "time" : {
        "start" : 1692778058911,
        "stop" : 1692778119017,
        "duration" : 60106
      }
    } ],
    "categories" : [ {
      "name" : "Test defects",
      "matchedStatuses" : [ ],
      "flaky" : false
    } ],
    "tags" : [ ]
  },
  "source" : "91b6101a0e022674.json",
  "parameterValues" : [ ]
}