{
  "uid" : "b247c9ec8943b366",
  "name" : "Check that user can be denied with camel case email",
  "fullName" : "com.lifefitness.qa.api.core.controllers.user.postfacilityaccessdeny.PostFacilityAccessDenyTest.checkThatUserCanBeDeniedWithCamelCaseEmail",
  "historyId" : "6fc40efb7d312f25ca51209230ddf0b3",
  "time" : {
    "start" : 1692955305897,
    "stop" : 1692955365933,
    "duration" : 60036
  },
  "status" : "broken",
  "statusMessage" : "Could not get message.",
  "statusTrace" : "java.lang.RuntimeException: Could not get message.\n\tat com.lifefitness.qa.utils.email.EmailUtils.getMessage(EmailUtils.java:186)\n\tat com.lifefitness.qa.api.core.controllers.user.postfacilityaccessdeny.PostFacilityAccessDenyTest.checkThatUserCanBeDeniedWithCamelCaseEmail(PostFacilityAccessDenyTest.java:63)\n\tat java.base/jdk.internal.reflect.NativeMethodAccessorImpl.invoke0(Native Method)\n\tat java.base/jdk.internal.reflect.NativeMethodAccessorImpl.invoke(NativeMethodAccessorImpl.java:77)\n\tat java.base/jdk.internal.reflect.DelegatingMethodAccessorImpl.invoke(DelegatingMethodAccessorImpl.java:43)\n\tat java.base/java.lang.reflect.Method.invoke(Method.java:568)\n\tat org.testng.internal.invokers.MethodInvocationHelper.invokeMethod(MethodInvocationHelper.java:139)\n\tat org.testng.internal.invokers.TestInvoker.invokeMethod(TestInvoker.java:677)\n\tat org.testng.internal.invokers.TestInvoker.retryFailed(TestInvoker.java:263)\n\tat org.testng.internal.invokers.MethodRunner.runInSequence(MethodRunner.java:62)\n\tat org.testng.internal.invokers.TestInvoker$MethodInvocationAgent.invoke(TestInvoker.java:969)\n\tat org.testng.internal.invokers.TestInvoker.invokeTestMethods(TestInvoker.java:194)\n\tat org.testng.internal.invokers.TestMethodWorker.invokeTestMethods(TestMethodWorker.java:148)\n\tat org.testng.internal.invokers.TestMethodWorker.run(TestMethodWorker.java:128)\n\tat java.base/java.util.concurrent.ThreadPoolExecutor.runWorker(ThreadPoolExecutor.java:1136)\n\tat java.base/java.util.concurrent.ThreadPoolExecutor$Worker.run(ThreadPoolExecutor.java:635)\n\tat java.base/java.lang.Thread.run(Thread.java:833)\nCaused by: javax.mail.MessagingException: Message wasn't found!\n\tat com.lifefitness.qa.utils.email.EmailUtils.getMessage(EmailUtils.java:163)\n\t... 16 more\n",
  "flaky" : false,
  "newFailed" : false,
  "beforeStages" : [ {
    "name" : "executeBeforeTestSuite",
    "time" : {
      "start" : 1692955151997,
      "stop" : 1692955152295,
      "duration" : 298
    },
    "description" : "",
    "status" : "passed",
    "steps" : [ ],
    "attachments" : [ ],
    "parameters" : [ ],
    "stepsCount" : 0,
    "attachmentsCount" : 0,
    "shouldDisplayMessage" : false,
    "hasContent" : false
  } ],
  "afterStages" : [ {
    "name" : "addTestLog",
    "time" : {
      "start" : 1692955365935,
      "stop" : 1692955365965,
      "duration" : 30
    },
    "description" : "",
    "status" : "passed",
    "steps" : [ ],
    "attachments" : [ {
      "uid" : "1539f28b6c124153",
      "name" : "Test log",
      "source" : "1539f28b6c124153.txt",
      "type" : "text/plain",
      "size" : 29547
    } ],
    "parameters" : [ ],
    "stepsCount" : 0,
    "attachmentsCount" : 1,
    "shouldDisplayMessage" : false,
    "hasContent" : true
  }, {
    "name" : "onCarinaAfterMethod",
    "time" : {
      "start" : 1692955365966,
      "stop" : 1692955365966,
      "duration" : 0
    },
    "description" : "",
    "status" : "passed",
    "steps" : [ ],
    "attachments" : [ ],
    "parameters" : [ ],
    "stepsCount" : 0,
    "attachmentsCount" : 0,
    "shouldDisplayMessage" : false,
    "hasContent" : false
  }, {
    "name" : "deleteAllEmails",
    "time" : {
      "start" : 1692956080265,
      "stop" : 1692956080559,
      "duration" : 294
    },
    "description" : "",
    "status" : "passed",
    "steps" : [ ],
    "attachments" : [ ],
    "parameters" : [ ],
    "stepsCount" : 0,
    "attachmentsCount" : 0,
    "shouldDisplayMessage" : false,
    "hasContent" : false
  } ],
  "labels" : [ {
    "name" : "package",
    "value" : "com.lifefitness.qa.api.core.controllers.user.postfacilityaccessdeny.PostFacilityAccessDenyTest"
  }, {
    "name" : "testClass",
    "value" : "com.lifefitness.qa.api.core.controllers.user.postfacilityaccessdeny.PostFacilityAccessDenyTest"
  }, {
    "name" : "testMethod",
    "value" : "checkThatUserCanBeDeniedWithCamelCaseEmail"
  }, {
    "name" : "parentSuite",
    "value" : "LifeFitness Backend Auto Tests"
  }, {
    "name" : "suite",
    "value" : "LifeFitness Backend Auto Tests"
  }, {
    "name" : "subSuite",
    "value" : "com.lifefitness.qa.api.core.controllers.user.postfacilityaccessdeny.PostFacilityAccessDenyTest"
  }, {
    "name" : "host",
    "value" : "a568d5ee-69b6-4ac9-8d20-56617c77f3af-dtptz"
  }, {
    "name" : "thread",
    "value" : "299@a568d5ee-69b6-4ac9-8d20-56617c77f3af-dtptz.TestNG-test=LifeFitness Backend Auto Tests-1(22)"
  }, {
    "name" : "framework",
    "value" : "testng"
  }, {
    "name" : "language",
    "value" : "java"
  }, {
    "name" : "owner",
    "value" : "Dmitry Parkhomenko"
  }, {
    "name" : "resultFormat",
    "value" : "allure2"
  } ],
  "parameters" : [ ],
  "links" : [ {
    "name" : "HPB-6334",
    "url" : "https://lfagile.atlassian.net/browse/HPB-6334",
    "type" : "issue"
  }, {
    "name" : "HPB-6596",
    "url" : "https://lfagile.atlassian.net/browse/HPB-6596",
    "type" : "issue"
  }, {
    "name" : "HPB-7010",
    "url" : "https://lfagile.atlassian.net/browse/HPB-7010",
    "type" : "issue"
  } ],
  "hidden" : false,
  "retry" : false,
  "extra" : {
    "severity" : "normal",
    "owner" : "Dmitry Parkhomenko",
    "retries" : [ {
      "uid" : "d9df84c6371e0103",
      "status" : "skipped",
      "statusDetails" : "2 expectations failed.\nExpected status code <200> but was <500>.\n\nExpected status line a string containing \"OK\" doesn't match actual status line \"HTTP/1.1 500 Internal Server Error\".\n",
      "time" : {
        "start" : 1692955301300,
        "stop" : 1692955305893,
        "duration" : 4593
      }
    } ],
    "categories" : [ {
      "name" : "Test defects",
      "matchedStatuses" : [ ],
      "flaky" : false
    } ],
    "tags" : [ ]
  },
  "source" : "b247c9ec8943b366.json",
  "parameterValues" : [ ]
}