{
  "uid" : "bc28166b484170c6",
  "name" : "Check that user can be denied with upper case email",
  "fullName" : "com.lifefitness.qa.api.core.controllers.user.postfacilityaccessdeny.PostFacilityAccessDenyTest.checkThatUserCanBeDeniedWithUpperCaseEmail",
  "historyId" : "5c4720f66275b87a619885a24e017af6",
  "time" : {
    "start" : 1692370145473,
    "stop" : 1692370190221,
    "duration" : 44748
  },
  "status" : "broken",
  "statusMessage" : "Could not get message.",
  "statusTrace" : "java.lang.RuntimeException: Could not get message.\n\tat com.lifefitness.qa.utils.email.EmailUtils.getMessageAndDeleteEmail(EmailUtils.java:186)\n\tat com.lifefitness.qa.api.core.controllers.user.postfacilityaccessdeny.PostFacilityAccessDenyTest.checkThatUserCanBeDeniedWithUpperCaseEmail(PostFacilityAccessDenyTest.java:165)\n\tat java.base/jdk.internal.reflect.NativeMethodAccessorImpl.invoke0(Native Method)\n\tat java.base/jdk.internal.reflect.NativeMethodAccessorImpl.invoke(NativeMethodAccessorImpl.java:77)\n\tat java.base/jdk.internal.reflect.DelegatingMethodAccessorImpl.invoke(DelegatingMethodAccessorImpl.java:43)\n\tat java.base/java.lang.reflect.Method.invoke(Method.java:568)\n\tat org.testng.internal.invokers.MethodInvocationHelper.invokeMethod(MethodInvocationHelper.java:139)\n\tat org.testng.internal.invokers.TestInvoker.invokeMethod(TestInvoker.java:677)\n\tat org.testng.internal.invokers.TestInvoker.retryFailed(TestInvoker.java:263)\n\tat org.testng.internal.invokers.MethodRunner.runInSequence(MethodRunner.java:62)\n\tat org.testng.internal.invokers.TestInvoker$MethodInvocationAgent.invoke(TestInvoker.java:969)\n\tat org.testng.internal.invokers.TestInvoker.invokeTestMethods(TestInvoker.java:194)\n\tat org.testng.internal.invokers.TestMethodWorker.invokeTestMethods(TestMethodWorker.java:148)\n\tat org.testng.internal.invokers.TestMethodWorker.run(TestMethodWorker.java:128)\n\tat java.base/java.util.concurrent.ThreadPoolExecutor.runWorker(ThreadPoolExecutor.java:1136)\n\tat java.base/java.util.concurrent.ThreadPoolExecutor$Worker.run(ThreadPoolExecutor.java:635)\n\tat java.base/java.lang.Thread.run(Thread.java:833)\nCaused by: javax.mail.MessagingException: Message wasn't found!\n\tat com.lifefitness.qa.utils.email.EmailUtils.getMessageAndDeleteEmail(EmailUtils.java:164)\n\t... 16 more\n",
  "flaky" : false,
  "newFailed" : false,
  "beforeStages" : [ {
    "name" : "executeBeforeTestSuite",
    "time" : {
      "start" : 1692367892895,
      "stop" : 1692367893235,
      "duration" : 340
    },
    "description" : "",
    "status" : "passed",
    "steps" : [ ],
    "attachments" : [ ],
    "parameters" : [ ],
    "stepsCount" : 0,
    "attachmentsCount" : 0,
    "shouldDisplayMessage" : false,
    "hasContent" : false
  } ],
  "afterStages" : [ {
    "name" : "addTestLog",
    "time" : {
      "start" : 1692370190222,
      "stop" : 1692370190251,
      "duration" : 29
    },
    "description" : "",
    "status" : "passed",
    "steps" : [ ],
    "attachments" : [ {
      "uid" : "15b93993496d0010",
      "name" : "Test log",
      "source" : "15b93993496d0010.txt",
      "type" : "text/plain",
      "size" : 23139
    } ],
    "parameters" : [ ],
    "stepsCount" : 0,
    "attachmentsCount" : 1,
    "shouldDisplayMessage" : false,
    "hasContent" : true
  }, {
    "name" : "onCarinaAfterMethod",
    "time" : {
      "start" : 1692370190252,
      "stop" : 1692370190252,
      "duration" : 0
    },
    "description" : "",
    "status" : "passed",
    "steps" : [ ],
    "attachments" : [ ],
    "parameters" : [ ],
    "stepsCount" : 0,
    "attachmentsCount" : 0,
    "shouldDisplayMessage" : false,
    "hasContent" : false
  }, {
    "name" : "deleteAllEmails",
    "time" : {
      "start" : 1692370509344,
      "stop" : 1692370511725,
      "duration" : 2381
    },
    "description" : "",
    "status" : "passed",
    "steps" : [ ],
    "attachments" : [ ],
    "parameters" : [ ],
    "stepsCount" : 0,
    "attachmentsCount" : 0,
    "shouldDisplayMessage" : false,
    "hasContent" : false
  } ],
  "labels" : [ {
    "name" : "package",
    "value" : "com.lifefitness.qa.api.core.controllers.user.postfacilityaccessdeny.PostFacilityAccessDenyTest"
  }, {
    "name" : "testClass",
    "value" : "com.lifefitness.qa.api.core.controllers.user.postfacilityaccessdeny.PostFacilityAccessDenyTest"
  }, {
    "name" : "testMethod",
    "value" : "checkThatUserCanBeDeniedWithUpperCaseEmail"
  }, {
    "name" : "parentSuite",
    "value" : "LifeFitness Backend Auto Tests"
  }, {
    "name" : "suite",
    "value" : "LifeFitness Backend Auto Tests"
  }, {
    "name" : "subSuite",
    "value" : "com.lifefitness.qa.api.core.controllers.user.postfacilityaccessdeny.PostFacilityAccessDenyTest"
  }, {
    "name" : "host",
    "value" : "21479e24-cc92-4fbc-ae4e-0e8803656922-58f9p"
  }, {
    "name" : "thread",
    "value" : "298@21479e24-cc92-4fbc-ae4e-0e8803656922-58f9p.TestNG-test=LifeFitness Backend Auto Tests-3(24)"
  }, {
    "name" : "framework",
    "value" : "testng"
  }, {
    "name" : "language",
    "value" : "java"
  }, {
    "name" : "owner",
    "value" : "Dmitry Parkhomenko"
  }, {
    "name" : "resultFormat",
    "value" : "allure2"
  } ],
  "parameters" : [ ],
  "links" : [ {
    "name" : "HPB-6334",
    "url" : "https://lfagile.atlassian.net/browse/HPB-6334",
    "type" : "issue"
  }, {
    "name" : "HPB-6596",
    "url" : "https://lfagile.atlassian.net/browse/HPB-6596",
    "type" : "issue"
  }, {
    "name" : "HPB-7010",
    "url" : "https://lfagile.atlassian.net/browse/HPB-7010",
    "type" : "issue"
  } ],
  "hidden" : false,
  "retry" : false,
  "extra" : {
    "severity" : "normal",
    "owner" : "Dmitry Parkhomenko",
    "retries" : [ {
      "uid" : "be5298f6be0848a0",
      "status" : "skipped",
      "statusDetails" : "2 expectations failed.\nExpected status code <200> but was <401>.\n\nExpected status line a string containing \"OK\" doesn't match actual status line \"HTTP/1.1 401 Unauthorized\".\n",
      "time" : {
        "start" : 1692370135197,
        "stop" : 1692370145469,
        "duration" : 10272
      }
    } ],
    "categories" : [ {
      "name" : "Test defects",
      "matchedStatuses" : [ ],
      "flaky" : false
    } ],
    "tags" : [ ]
  },
  "source" : "bc28166b484170c6.json",
  "parameterValues" : [ ]
}