{
  "uid" : "f7e70618ad2238b2",
  "name" : "Check that user without \"Add/Edit Facilities\" supplementary-permissions can not see facilities grid",
  "fullName" : "com.lifefitness.qa.api.core.controllers.user.getfacilitiesgrid.GetFacilitiesGridTest.checkThatUserWithoutAddEditFacilitiesPermissionsCanNotSeeFacilitiesGrid",
  "historyId" : "4607454957533e6791b973b3eb5e2f5d",
  "time" : {
    "start" : 1692780952165,
    "stop" : 1692781012261,
    "duration" : 60096
  },
  "status" : "broken",
  "statusMessage" : "Unable to register user",
  "statusTrace" : "java.lang.RuntimeException: Unable to register user\n\tat com.lifefitness.qa.api.corecontrollers.user.postregistration.PostRegistrationHelper.registerUser(PostRegistrationHelper.java:37)\n\tat com.lifefitness.qa.api.corecontrollers.user.postregistration.PostRegistrationHelper.registerUserWithDefaultParameters(PostRegistrationHelper.java:24)\n\tat com.lifefitness.qa.api.core.controllers.user.getfacilitiesgrid.GetFacilitiesGridTest.checkThatUserWithoutAddEditFacilitiesPermissionsCanNotSeeFacilitiesGrid(GetFacilitiesGridTest.java:187)\n\tat java.base/jdk.internal.reflect.NativeMethodAccessorImpl.invoke0(Native Method)\n\tat java.base/jdk.internal.reflect.NativeMethodAccessorImpl.invoke(NativeMethodAccessorImpl.java:77)\n\tat java.base/jdk.internal.reflect.DelegatingMethodAccessorImpl.invoke(DelegatingMethodAccessorImpl.java:43)\n\tat java.base/java.lang.reflect.Method.invoke(Method.java:568)\n\tat org.testng.internal.invokers.MethodInvocationHelper.invokeMethod(MethodInvocationHelper.java:139)\n\tat org.testng.internal.invokers.TestInvoker.invokeMethod(TestInvoker.java:677)\n\tat org.testng.internal.invokers.TestInvoker.retryFailed(TestInvoker.java:263)\n\tat org.testng.internal.invokers.MethodRunner.runInSequence(MethodRunner.java:62)\n\tat org.testng.internal.invokers.TestInvoker$MethodInvocationAgent.invoke(TestInvoker.java:969)\n\tat org.testng.internal.invokers.TestInvoker.invokeTestMethods(TestInvoker.java:194)\n\tat org.testng.internal.invokers.TestMethodWorker.invokeTestMethods(TestMethodWorker.java:148)\n\tat org.testng.internal.invokers.TestMethodWorker.run(TestMethodWorker.java:128)\n\tat java.base/java.util.concurrent.ThreadPoolExecutor.runWorker(ThreadPoolExecutor.java:1136)\n\tat java.base/java.util.concurrent.ThreadPoolExecutor$Worker.run(ThreadPoolExecutor.java:635)\n\tat java.base/java.lang.Thread.run(Thread.java:833)\nCaused by: com.fasterxml.jackson.databind.exc.MismatchedInputException: No content to map due to end-of-input\n at [Source: (String)\"\"; line: 1, column: 0]\n\tat com.fasterxml.jackson.databind.exc.MismatchedInputException.from(MismatchedInputException.java:59)\n\tat com.fasterxml.jackson.databind.ObjectMapper._initForReading(ObjectMapper.java:4821)\n\tat com.fasterxml.jackson.databind.ObjectMapper._readMapAndClose(ObjectMapper.java:4723)\n\tat com.fasterxml.jackson.databind.ObjectMapper.readValue(ObjectMapper.java:3677)\n\tat com.fasterxml.jackson.databind.ObjectMapper.readValue(ObjectMapper.java:3645)\n\tat com.lifefitness.qa.api.corecontrollers.user.postregistration.PostRegistrationHelper.registerUser(PostRegistrationHelper.java:35)\n\t... 17 more\n",
  "flaky" : false,
  "newFailed" : false,
  "beforeStages" : [ {
    "name" : "executeBeforeTestSuite",
    "time" : {
      "start" : 1692780351746,
      "stop" : 1692780351987,
      "duration" : 241
    },
    "description" : "",
    "status" : "passed",
    "steps" : [ ],
    "attachments" : [ ],
    "parameters" : [ ],
    "stepsCount" : 0,
    "attachmentsCount" : 0,
    "shouldDisplayMessage" : false,
    "hasContent" : false
  } ],
  "afterStages" : [ {
    "name" : "onCarinaAfterMethod",
    "time" : {
      "start" : 1692781012268,
      "stop" : 1692781012268,
      "duration" : 0
    },
    "description" : "",
    "status" : "passed",
    "steps" : [ ],
    "attachments" : [ ],
    "parameters" : [ ],
    "stepsCount" : 0,
    "attachmentsCount" : 0,
    "shouldDisplayMessage" : false,
    "hasContent" : false
  }, {
    "name" : "addTestLog",
    "time" : {
      "start" : 1692781012263,
      "stop" : 1692781012267,
      "duration" : 4
    },
    "description" : "",
    "status" : "passed",
    "steps" : [ ],
    "attachments" : [ {
      "uid" : "7ec2190e1f6f06df",
      "name" : "Test log",
      "source" : "7ec2190e1f6f06df.txt",
      "type" : "text/plain",
      "size" : 5824
    } ],
    "parameters" : [ ],
    "stepsCount" : 0,
    "attachmentsCount" : 1,
    "shouldDisplayMessage" : false,
    "hasContent" : true
  }, {
    "name" : "deleteAllEmails",
    "time" : {
      "start" : 1692784570913,
      "stop" : 1692784572482,
      "duration" : 1569
    },
    "description" : "",
    "status" : "passed",
    "steps" : [ ],
    "attachments" : [ ],
    "parameters" : [ ],
    "stepsCount" : 0,
    "attachmentsCount" : 0,
    "shouldDisplayMessage" : false,
    "hasContent" : false
  } ],
  "labels" : [ {
    "name" : "package",
    "value" : "com.lifefitness.qa.api.core.controllers.user.getfacilitiesgrid.GetFacilitiesGridTest"
  }, {
    "name" : "testClass",
    "value" : "com.lifefitness.qa.api.core.controllers.user.getfacilitiesgrid.GetFacilitiesGridTest"
  }, {
    "name" : "testMethod",
    "value" : "checkThatUserWithoutAddEditFacilitiesPermissionsCanNotSeeFacilitiesGrid"
  }, {
    "name" : "parentSuite",
    "value" : "LifeFitness Backend Auto Tests"
  }, {
    "name" : "suite",
    "value" : "LifeFitness Backend Auto Tests"
  }, {
    "name" : "subSuite",
    "value" : "com.lifefitness.qa.api.core.controllers.user.getfacilitiesgrid.GetFacilitiesGridTest"
  }, {
    "name" : "host",
    "value" : "1149c575-1a26-494b-af7e-6ed18c55d35d-whqk2"
  }, {
    "name" : "thread",
    "value" : "299@1149c575-1a26-494b-af7e-6ed18c55d35d-whqk2.TestNG-test=LifeFitness Backend Auto Tests-2(23)"
  }, {
    "name" : "framework",
    "value" : "testng"
  }, {
    "name" : "language",
    "value" : "java"
  }, {
    "name" : "owner",
    "value" : "Valeria Sorokina"
  }, {
    "name" : "resultFormat",
    "value" : "allure2"
  } ],
  "parameters" : [ ],
  "links" : [ {
    "name" : "HPB-6933",
    "url" : "https://lfagile.atlassian.net/browse/HPB-6933",
    "type" : "issue"
  } ],
  "hidden" : false,
  "retry" : false,
  "extra" : {
    "severity" : "normal",
    "owner" : "Valeria Sorokina",
    "retries" : [ {
      "uid" : "4a8a55f694e6cad7",
      "status" : "skipped",
      "statusDetails" : "User code is incorrect expected [403] but found [401]",
      "time" : {
        "start" : 1692780820111,
        "stop" : 1692780952160,
        "duration" : 132049
      }
    } ],
    "categories" : [ {
      "name" : "Test defects",
      "matchedStatuses" : [ ],
      "flaky" : false
    } ],
    "tags" : [ ]
  },
  "source" : "f7e70618ad2238b2.json",
  "parameterValues" : [ ]
}