[2023-08-24 07:29:34] [25] [INFO] TEST [LifeFitness Backend Auto Tests - checkUpdatingPasswordWithTokenAsNull] STARTED at [07:29:34 2023-08-24]
[2023-08-24 07:29:34] [25] [INFO] Base properties loaded: api/utils/controllers/password/postupdatepassword/rq_update_password.properties
[2023-08-24 07:29:34] [25] [INFO] Request method:	POST
Request URI:	https://dev-halo5api1.halo.fitness/halo-system-utils/api/v1/password/update
Request params:	<none>
Query params:	<none>
Form params:	<none>
Path params:	<none>
Multiparts:		<none>
Cookies:		<none>
Headers:		Accept=*/*
				Authorization=P3jxJislR3PNt1P1gQxXepwRY8RiHGTps+Yld/5Ot50=
				Content-Type=application/json; charset=UTF-8
Body:
{
    "email": "lifeFitnessPostman+14921991@gmail.com",
    "encodedPassword": "encodedPassword"
}
HTTP/1.1 403 Forbidden
set-cookie: JSESSIONID=39DF979FCD37B1811684D7370246EE93; Path=/halo-system-utils; HttpOnly
x-content-type-options: nosniff
x-xss-protection: 0
cache-control: no-cache, no-store, max-age=0, must-revalidate
pragma: no-cache
expires: 0
strict-transport-security: max-age=31536000 ; includeSubDomains
x-frame-options: DENY
X-Cloud-Trace-Context: 9e7716ca15bc845933a7e1ca0506276d
Date: Thu, 24 Aug 2023 07:29:34 GMT
Content-Type: text/html
Server: Google Frontend
Content-Length: 0
Via: 1.1 google
Alt-Svc: h3=":443"; ma=2592000,h3-29=":443"; ma=2592000
JSESSIONID=39DF979FCD37B1811684D7370246EE93;Path=/halo-system-utils;HttpOnly


[2023-08-24 07:29:34] [25] [INFO] Assert that response code is correct
[2023-08-24 07:29:34] [25] [ERROR] TEST [LifeFitness Backend Auto Tests - checkUpdatingPasswordWithTokenAsNull] FAILED at [07:29:34 2023-08-24] - Error code is incorrect expected [400] but found [403]

org.testng.Assert.fail(Assert.java:110)
org.testng.Assert.failNotEquals(Assert.java:1577)
org.testng.Assert.assertEqualsImpl(Assert.java:149)
org.testng.Assert.assertEquals(Assert.java:131)
org.testng.Assert.assertEquals(Assert.java:1418)
org.testng.Assert.assertEquals(Assert.java:1382)
com.lifefitness.qa.api.utils.controllers.password.postupdatepassword.PostUpdatePasswordTest.checkUpdatingPasswordWithTokenAsNull(PostUpdatePasswordTest.java:304)
java.base/jdk.internal.reflect.NativeMethodAccessorImpl.invoke0(Native Method)
java.base/jdk.internal.reflect.NativeMethodAccessorImpl.invoke(NativeMethodAccessorImpl.java:77)
java.base/jdk.internal.reflect.DelegatingMethodAccessorImpl.invoke(DelegatingMethodAccessorImpl.java:43)
java.base/java.lang.reflect.Method.invoke(Method.java:568)
org.testng.internal.invokers.MethodInvocationHelper.invokeMethod(MethodInvocationHelper.java:139)
org.testng.internal.invokers.TestInvoker.invokeMethod(TestInvoker.java:677)
org.testng.internal.invokers.TestInvoker.retryFailed(TestInvoker.java:263)
org.testng.internal.invokers.MethodRunner.runInSequence(MethodRunner.java:62)
org.testng.internal.invokers.TestInvoker$MethodInvocationAgent.invoke(TestInvoker.java:969)
org.testng.internal.invokers.TestInvoker.invokeTestMethods(TestInvoker.java:194)
org.testng.internal.invokers.TestMethodWorker.invokeTestMethods(TestMethodWorker.java:148)
org.testng.internal.invokers.TestMethodWorker.run(TestMethodWorker.java:128)
java.base/java.util.concurrent.ThreadPoolExecutor.runWorker(ThreadPoolExecutor.java:1136)
java.base/java.util.concurrent.ThreadPoolExecutor$Worker.run(ThreadPoolExecutor.java:635)
java.base/java.lang.Thread.run(Thread.java:833)
